# JRE version: OpenJDK Runtime Environment (8.0_362-b08) (build 1.8.0_362-b08)
# Java VM: OpenJDK 64-Bit Server VM (25.362-b08 mixed mode windows-amd64 compressed oops)
Heap:
 PSYoungGen      total 235520K, used 22583K [0x000000076b500000, 0x000000077a700000, 0x00000007c0000000)
  eden space 223232K, 10% used [0x000000076b500000,0x000000076cb0dff0,0x0000000778f00000)
  from space 12288K, 0% used [0x0000000778f00000,0x0000000778f00000,0x0000000779b00000)
  to   space 9216K, 0% used [0x0000000779e00000,0x0000000779e00000,0x000000077a700000)
 ParOldGen       total 88064K, used 16785K [0x00000006c1e00000, 0x00000006c7400000, 0x000000076b500000)
  object space 88064K, 19% used [0x00000006c1e00000,0x00000006c2e646a0,0x00000006c7400000)
 Metaspace       used 45461K, capacity 47152K, committed 47784K, reserved 1101824K
  class space    used 6008K, capacity 6362K, committed 6576K, reserved 1048576K
GC Heap History (10 events):
Event: 11.502 GC heap before
{Heap before GC invocations=19 (full 6):
 PSYoungGen      total 235520K, used 0K [0x000000076b500000, 0x000000077a700000, 0x00000007c0000000)
  eden space 223232K, 0% used [0x000000076b500000,0x000000076b500000,0x0000000778f00000)
  from space 12288K, 0% used [0x0000000778f00000,0x0000000778f00000,0x0000000779b00000)
  to   space 9216K, 0% used [0x0000000779e00000,0x0000000779e00000,0x000000077a700000)
 ParOldGen       total 88064K, used 21094K [0x00000006c1e00000, 0x00000006c7400000, 0x000000076b500000)
  object space 88064K, 23% used [0x00000006c1e00000,0x00000006c3299958,0x00000006c7400000)
 Metaspace       used 45385K, capacity 47192K, committed 47400K, reserved 1105920K
  class space    used 5989K, capacity 6334K, committed 6448K, reserved 1048576K
Event: 11.594 GC heap after
Heap after GC invocations=19 (full 6):
 PSYoungGen      total 235520K, used 0K [0x000000076b500000, 0x000000077a700000, 0x00000007c0000000)
  eden space 223232K, 0% used [0x000000076b500000,0x000000076b500000,0x0000000778f00000)
  from space 12288K, 0% used [0x0000000778f00000,0x0000000778f00000,0x0000000779b00000)
  to   space 9216K, 0% used [0x0000000779e00000,0x0000000779e00000,0x000000077a700000)
 ParOldGen       total 88064K, used 16990K [0x00000006c1e00000, 0x00000006c7400000, 0x000000076b500000)
  object space 88064K, 19% used [0x00000006c1e00000,0x00000006c2e97b10,0x00000006c7400000)
 Metaspace       used 45118K, capacity 46762K, committed 47400K, reserved 1101824K
  class space    used 5945K, capacity 6255K, committed 6448K, reserved 1048576K
}
Event: 11.597 GC heap before
{Heap before GC invocations=20 (full 6):
 PSYoungGen      total 235520K, used 3971K [0x000000076b500000, 0x000000077a700000, 0x00000007c0000000)
  eden space 223232K, 1% used [0x000000076b500000,0x000000076b8e0eb8,0x0000000778f00000)
  from space 12288K, 0% used [0x0000000778f00000,0x0000000778f00000,0x0000000779b00000)
  to   space 9216K, 0% used [0x0000000779e00000,0x0000000779e00000,0x000000077a700000)
 ParOldGen       total 88064K, used 16990K [0x00000006c1e00000, 0x00000006c7400000, 0x000000076b500000)
  object space 88064K, 19% used [0x00000006c1e00000,0x00000006c2e97b10,0x00000006c7400000)
 Metaspace       used 45128K, capacity 46762K, committed 47400K, reserved 1107968K
  class space    used 5947K, capacity 6255K, committed 6448K, reserved 1048576K
Event: 11.598 GC heap after
Heap after GC invocations=20 (full 6):
 PSYoungGen      total 232448K, used 224K [0x000000076b500000, 0x000000077a700000, 0x00000007c0000000)
  eden space 223232K, 0% used [0x000000076b500000,0x000000076b500000,0x0000000778f00000)
  from space 9216K, 2% used [0x0000000779e00000,0x0000000779e38000,0x000000077a700000)
  to   space 12288K, 0% used [0x0000000778f00000,0x0000000778f00000,0x0000000779b00000)
 ParOldGen       total 88064K, used 16990K [0x00000006c1e00000, 0x00000006c7400000, 0x000000076b500000)
  object space 88064K, 19% used [0x00000006c1e00000,0x00000006c2e97b10,0x00000006c7400000)
 Metaspace       used 45128K, capacity 46762K, committed 47400K, reserved 1107968K
  class space    used 5947K, capacity 6255K, committed 6448K, reserved 1048576K
}
Event: 11.598 GC heap before
{Heap before GC invocations=21 (full 7):
 PSYoungGen      total 232448K, used 224K [0x000000076b500000, 0x000000077a700000, 0x00000007c0000000)
  eden space 223232K, 0% used [0x000000076b500000,0x000000076b500000,0x0000000778f00000)
  from space 9216K, 2% used [0x0000000779e00000,0x0000000779e38000,0x000000077a700000)
  to   space 12288K, 0% used [0x0000000778f00000,0x0000000778f00000,0x0000000779b00000)
 ParOldGen       total 88064K, used 16990K [0x00000006c1e00000, 0x00000006c7400000, 0x000000076b500000)
  object space 88064K, 19% used [0x00000006c1e00000,0x00000006c2e97b10,0x00000006c7400000)
 Metaspace       used 45128K, capacity 46762K, committed 47400K, reserved 1107968K
  class space    used 5947K, capacity 6255K, committed 6448K, reserved 1048576K
Event: 11.630 GC heap after
Heap after GC invocations=21 (full 7):
 PSYoungGen      total 232448K, used 0K [0x000000076b500000, 0x000000077a700000, 0x00000007c0000000)
  eden space 223232K, 0% used [0x000000076b500000,0x000000076b500000,0x0000000778f00000)
  from space 9216K, 0% used [0x0000000779e00000,0x0000000779e00000,0x000000077a700000)
  to   space 12288K, 0% used [0x0000000778f00000,0x0000000778f00000,0x0000000779b00000)
 ParOldGen       total 88064K, used 16786K [0x00000006c1e00000, 0x00000006c7400000, 0x000000076b500000)
  object space 88064K, 19% used [0x00000006c1e00000,0x00000006c2e64b20,0x00000006c7400000)
 Metaspace       used 45128K, capacity 46762K, committed 47400K, reserved 1101824K
  class space    used 5947K, capacity 6255K, committed 6448K, reserved 1048576K
}
Event: 11.631 GC heap before
{Heap before GC invocations=22 (full 7):
 PSYoungGen      total 232448K, used 0K [0x000000076b500000, 0x000000077a700000, 0x00000007c0000000)
  eden space 223232K, 0% used [0x000000076b500000,0x000000076b500000,0x0000000778f00000)
  from space 9216K, 0% used [0x0000000779e00000,0x0000000779e00000,0x000000077a700000)
  to   space 12288K, 0% used [0x0000000778f00000,0x0000000778f00000,0x0000000779b00000)
 ParOldGen       total 88064K, used 16786K [0x00000006c1e00000, 0x00000006c7400000, 0x000000076b500000)
  object space 88064K, 19% used [0x00000006c1e00000,0x00000006c2e64b20,0x00000006c7400000)
 Metaspace       used 45128K, capacity 46762K, committed 47400K, reserved 1105920K
  class space    used 5947K, capacity 6255K, committed 6448K, reserved 1048576K
Event: 11.632 GC heap after
Heap after GC invocations=22 (full 7):
 PSYoungGen      total 235520K, used 0K [0x000000076b500000, 0x000000077a700000, 0x00000007c0000000)
  eden space 223232K, 0% used [0x000000076b500000,0x000000076b500000,0x0000000778f00000)
  from space 12288K, 0% used [0x0000000778f00000,0x0000000778f00000,0x0000000779b00000)
  to   space 9216K, 0% used [0x0000000779e00000,0x0000000779e00000,0x000000077a700000)
 ParOldGen       total 88064K, used 16786K [0x00000006c1e00000, 0x00000006c7400000, 0x000000076b500000)
  object space 88064K, 19% used [0x00000006c1e00000,0x00000006c2e64b20,0x00000006c7400000)
 Metaspace       used 45128K, capacity 46762K, committed 47400K, reserved 1105920K
  class space    used 5947K, capacity 6255K, committed 6448K, reserved 1048576K
}
Event: 11.632 GC heap before
{Heap before GC invocations=23 (full 8):
 PSYoungGen      total 235520K, used 0K [0x000000076b500000, 0x000000077a700000, 0x00000007c0000000)
  eden space 223232K, 0% used [0x000000076b500000,0x000000076b500000,0x0000000778f00000)
  from space 12288K, 0% used [0x0000000778f00000,0x0000000778f00000,0x0000000779b00000)
  to   space 9216K, 0% used [0x0000000779e00000,0x0000000779e00000,0x000000077a700000)
 ParOldGen       total 88064K, used 16786K [0x00000006c1e00000, 0x00000006c7400000, 0x000000076b500000)
  object space 88064K, 19% used [0x00000006c1e00000,0x00000006c2e64b20,0x00000006c7400000)
 Metaspace       used 45128K, capacity 46762K, committed 47400K, reserved 1105920K
  class space    used 5947K, capacity 6255K, committed 6448K, reserved 1048576K
Event: 11.686 GC heap after
Heap after GC invocations=23 (full 8):
 PSYoungGen      total 235520K, used 0K [0x000000076b500000, 0x000000077a700000, 0x00000007c0000000)
  eden space 223232K, 0% used [0x000000076b500000,0x000000076b500000,0x0000000778f00000)
  from space 12288K, 0% used [0x0000000778f00000,0x0000000778f00000,0x0000000779b00000)
  to   space 9216K, 0% used [0x0000000779e00000,0x0000000779e00000,0x000000077a700000)
 ParOldGen       total 88064K, used 16785K [0x00000006c1e00000, 0x00000006c7400000, 0x000000076b500000)
  object space 88064K, 19% used [0x00000006c1e00000,0x00000006c2e646a0,0x00000006c7400000)
 Metaspace       used 45128K, capacity 46762K, committed 47400K, reserved 1101824K
  class space    used 5947K, capacity 6255K, committed 6448K, reserved 1048576K
}

