# JRE version: OpenJDK Runtime Environment (8.0_362-b08) (build 1.8.0_362-b08)
# Java VM: OpenJDK 64-Bit Server VM (25.362-b08 mixed mode windows-amd64 compressed oops)
Heap:
 PSYoungGen      total 444928K, used 290953K [0x000000076b500000, 0x000000078e300000, 0x00000007c0000000)
  eden space 425472K, 64% used [0x000000076b500000,0x000000077c0e0f38,0x0000000785480000)
  from space 19456K, 85% used [0x0000000785480000,0x00000007864c1768,0x0000000786780000)
  to   space 20992K, 0% used [0x000000078ce80000,0x000000078ce80000,0x000000078e300000)
 ParOldGen       total 170496K, used 47837K [0x00000006c1e00000, 0x00000006cc480000, 0x000000076b500000)
  object space 170496K, 28% used [0x00000006c1e00000,0x00000006c4cb7728,0x00000006cc480000)
 Metaspace       used 89279K, capacity 96424K, committed 96552K, reserved 1132544K
  class space    used 12005K, capacity 13245K, committed 13360K, reserved 1048576K
GC Heap History (10 events):
Event: 12.181 GC heap before
{Heap before GC invocations=14 (full 2):
 PSYoungGen      total 237568K, used 141500K [0x000000076b500000, 0x0000000781a80000, 0x00000007c0000000)
  eden space 223744K, 57% used [0x000000076b500000,0x00000007731b5600,0x0000000778f80000)
  from space 13824K, 99% used [0x0000000778f80000,0x0000000779cf9da8,0x0000000779d00000)
  to   space 17920K, 0% used [0x0000000780900000,0x0000000780900000,0x0000000781a80000)
 ParOldGen       total 121344K, used 20022K [0x00000006c1e00000, 0x00000006c9480000, 0x000000076b500000)
  object space 121344K, 16% used [0x00000006c1e00000,0x00000006c318d920,0x00000006c9480000)
 Metaspace       used 56166K, capacity 59140K, committed 59160K, reserved 1099776K
  class space    used 7514K, capacity 8112K, committed 8112K, reserved 1048576K
Event: 12.191 GC heap after
Heap after GC invocations=14 (full 2):
 PSYoungGen      total 337920K, used 5606K [0x000000076b500000, 0x0000000781580000, 0x00000007c0000000)
  eden space 325120K, 0% used [0x000000076b500000,0x000000076b500000,0x000000077f280000)
  from space 12800K, 43% used [0x0000000780900000,0x0000000780e79b20,0x0000000781580000)
  to   space 17920K, 0% used [0x000000077f280000,0x000000077f280000,0x0000000780400000)
 ParOldGen       total 121344K, used 30242K [0x00000006c1e00000, 0x00000006c9480000, 0x000000076b500000)
  object space 121344K, 24% used [0x00000006c1e00000,0x00000006c3b88a08,0x00000006c9480000)
 Metaspace       used 56166K, capacity 59140K, committed 59160K, reserved 1099776K
  class space    used 7514K, capacity 8112K, committed 8112K, reserved 1048576K
}
Event: 12.191 GC heap before
{Heap before GC invocations=15 (full 3):
 PSYoungGen      total 337920K, used 5606K [0x000000076b500000, 0x0000000781580000, 0x00000007c0000000)
  eden space 325120K, 0% used [0x000000076b500000,0x000000076b500000,0x000000077f280000)
  from space 12800K, 43% used [0x0000000780900000,0x0000000780e79b20,0x0000000781580000)
  to   space 17920K, 0% used [0x000000077f280000,0x000000077f280000,0x0000000780400000)
 ParOldGen       total 121344K, used 30242K [0x00000006c1e00000, 0x00000006c9480000, 0x000000076b500000)
  object space 121344K, 24% used [0x00000006c1e00000,0x00000006c3b88a08,0x00000006c9480000)
 Metaspace       used 56166K, capacity 59140K, committed 59160K, reserved 1099776K
  class space    used 7514K, capacity 8112K, committed 8112K, reserved 1048576K
Event: 12.306 GC heap after
Heap after GC invocations=15 (full 3):
 PSYoungGen      total 337920K, used 0K [0x000000076b500000, 0x0000000781580000, 0x00000007c0000000)
  eden space 325120K, 0% used [0x000000076b500000,0x000000076b500000,0x000000077f280000)
  from space 12800K, 0% used [0x0000000780900000,0x0000000780900000,0x0000000781580000)
  to   space 17920K, 0% used [0x000000077f280000,0x000000077f280000,0x0000000780400000)
 ParOldGen       total 170496K, used 30016K [0x00000006c1e00000, 0x00000006cc480000, 0x000000076b500000)
  object space 170496K, 17% used [0x00000006c1e00000,0x00000006c3b50328,0x00000006cc480000)
 Metaspace       used 56166K, capacity 59140K, committed 59160K, reserved 1099776K
  class space    used 7514K, capacity 8112K, committed 8112K, reserved 1048576K
}
Event: 13.478 GC heap before
{Heap before GC invocations=16 (full 3):
 PSYoungGen      total 337920K, used 325120K [0x000000076b500000, 0x0000000781580000, 0x00000007c0000000)
  eden space 325120K, 100% used [0x000000076b500000,0x000000077f280000,0x000000077f280000)
  from space 12800K, 0% used [0x0000000780900000,0x0000000780900000,0x0000000781580000)
  to   space 17920K, 0% used [0x000000077f280000,0x000000077f280000,0x0000000780400000)
 ParOldGen       total 170496K, used 30016K [0x00000006c1e00000, 0x00000006cc480000, 0x000000076b500000)
  object space 170496K, 17% used [0x00000006c1e00000,0x00000006c3b50328,0x00000006cc480000)
 Metaspace       used 62115K, capacity 65836K, committed 66088K, reserved 1105920K
  class space    used 8328K, capacity 8995K, committed 9008K, reserved 1048576K
Event: 13.487 GC heap after
Heap after GC invocations=16 (full 3):
 PSYoungGen      total 343040K, used 12089K [0x000000076b500000, 0x0000000787d00000, 0x00000007c0000000)
  eden space 325120K, 0% used [0x000000076b500000,0x000000076b500000,0x000000077f280000)
  from space 17920K, 67% used [0x000000077f280000,0x000000077fe4e5d0,0x0000000780400000)
  to   space 17920K, 0% used [0x0000000786b80000,0x0000000786b80000,0x0000000787d00000)
 ParOldGen       total 170496K, used 30024K [0x00000006c1e00000, 0x00000006cc480000, 0x000000076b500000)
  object space 170496K, 17% used [0x00000006c1e00000,0x00000006c3b52328,0x00000006cc480000)
 Metaspace       used 62115K, capacity 65836K, committed 66088K, reserved 1105920K
  class space    used 8328K, capacity 8995K, committed 9008K, reserved 1048576K
}
Event: 16.730 GC heap before
{Heap before GC invocations=17 (full 3):
 PSYoungGen      total 343040K, used 337209K [0x000000076b500000, 0x0000000787d00000, 0x00000007c0000000)
  eden space 325120K, 100% used [0x000000076b500000,0x000000077f280000,0x000000077f280000)
  from space 17920K, 67% used [0x000000077f280000,0x000000077fe4e5d0,0x0000000780400000)
  to   space 17920K, 0% used [0x0000000786b80000,0x0000000786b80000,0x0000000787d00000)
 ParOldGen       total 170496K, used 30024K [0x00000006c1e00000, 0x00000006cc480000, 0x000000076b500000)
  object space 170496K, 17% used [0x00000006c1e00000,0x00000006c3b52328,0x00000006cc480000)
 Metaspace       used 67910K, capacity 72320K, committed 72488K, reserved 1112064K
  class space    used 9174K, capacity 9949K, committed 10032K, reserved 1048576K
Event: 16.743 GC heap after
Heap after GC invocations=17 (full 3):
 PSYoungGen      total 436224K, used 15162K [0x000000076b500000, 0x0000000787a80000, 0x00000007c0000000)
  eden space 420864K, 0% used [0x000000076b500000,0x000000076b500000,0x0000000785000000)
  from space 15360K, 98% used [0x0000000786b80000,0x0000000787a4ea70,0x0000000787a80000)
  to   space 19456K, 0% used [0x0000000785480000,0x0000000785480000,0x0000000786780000)
 ParOldGen       total 170496K, used 38624K [0x00000006c1e00000, 0x00000006cc480000, 0x000000076b500000)
  object space 170496K, 22% used [0x00000006c1e00000,0x00000006c43b8368,0x00000006cc480000)
 Metaspace       used 67910K, capacity 72320K, committed 72488K, reserved 1112064K
  class space    used 9174K, capacity 9949K, committed 10032K, reserved 1048576K
}
Event: 27.368 GC heap before
{Heap before GC invocations=18 (full 3):
 PSYoungGen      total 436224K, used 436026K [0x000000076b500000, 0x0000000787a80000, 0x00000007c0000000)
  eden space 420864K, 100% used [0x000000076b500000,0x0000000785000000,0x0000000785000000)
  from space 15360K, 98% used [0x0000000786b80000,0x0000000787a4ea70,0x0000000787a80000)
  to   space 19456K, 0% used [0x0000000785480000,0x0000000785480000,0x0000000786780000)
 ParOldGen       total 170496K, used 38624K [0x00000006c1e00000, 0x00000006cc480000, 0x000000076b500000)
  object space 170496K, 22% used [0x00000006c1e00000,0x00000006c43b8368,0x00000006cc480000)
 Metaspace       used 78025K, capacity 84076K, committed 84136K, reserved 1122304K
  class space    used 10603K, capacity 11645K, committed 11696K, reserved 1048576K
Event: 27.386 GC heap after
Heap after GC invocations=18 (full 3):
 PSYoungGen      total 444928K, used 16645K [0x000000076b500000, 0x000000078e300000, 0x00000007c0000000)
  eden space 425472K, 0% used [0x000000076b500000,0x000000076b500000,0x0000000785480000)
  from space 19456K, 85% used [0x0000000785480000,0x00000007864c1768,0x0000000786780000)
  to   space 20992K, 0% used [0x000000078ce80000,0x000000078ce80000,0x000000078e300000)
 ParOldGen       total 170496K, used 47837K [0x00000006c1e00000, 0x00000006cc480000, 0x000000076b500000)
  object space 170496K, 28% used [0x00000006c1e00000,0x00000006c4cb7728,0x00000006cc480000)
 Metaspace       used 78025K, capacity 84076K, committed 84136K, reserved 1122304K
  class space    used 10603K, capacity 11645K, committed 11696K, reserved 1048576K
}

