# JRE version: OpenJDK Runtime Environment (8.0_362-b08) (build 1.8.0_362-b08)
# Java VM: OpenJDK 64-Bit Server VM (25.362-b08 mixed mode windows-amd64 compressed oops)
Heap:
 PSYoungGen      total 453632K, used 352928K [0x000000076b500000, 0x0000000788400000, 0x00000007c0000000)
  eden space 439296K, 80% used [0x000000076b500000,0x0000000780da80c0,0x0000000786200000)
  from space 14336K, 0% used [0x0000000786200000,0x0000000786200000,0x0000000787000000)
  to   space 12800K, 0% used [0x0000000787000000,0x0000000787000000,0x0000000787c80000)
 ParOldGen       total 79872K, used 21187K [0x00000006c1e00000, 0x00000006c6c00000, 0x000000076b500000)
  object space 79872K, 26% used [0x00000006c1e00000,0x00000006c32b0e28,0x00000006c6c00000)
 Metaspace       used 62412K, capacity 66066K, committed 66344K, reserved 1124352K
  class space    used 8278K, capacity 8957K, committed 9008K, reserved 1048576K
GC Heap History (10 events):
Event: 12.959 GC heap before
{Heap before GC invocations=16 (full 5):
 PSYoungGen      total 453632K, used 3474K [0x000000076b500000, 0x0000000788400000, 0x00000007c0000000)
  eden space 439296K, 0% used [0x000000076b500000,0x000000076b500000,0x0000000786200000)
  from space 14336K, 24% used [0x0000000786200000,0x0000000786564918,0x0000000787000000)
  to   space 12800K, 0% used [0x0000000787000000,0x0000000787000000,0x0000000787c80000)
 ParOldGen       total 79872K, used 24640K [0x00000006c1e00000, 0x00000006c6c00000, 0x000000076b500000)
  object space 79872K, 30% used [0x00000006c1e00000,0x00000006c3610288,0x00000006c6c00000)
 Metaspace       used 55658K, capacity 58668K, committed 58792K, reserved 1114112K
  class space    used 7427K, capacity 8044K, committed 8112K, reserved 1048576K
Event: 13.020 GC heap after
Heap after GC invocations=16 (full 5):
 PSYoungGen      total 453632K, used 0K [0x000000076b500000, 0x0000000788400000, 0x00000007c0000000)
  eden space 439296K, 0% used [0x000000076b500000,0x000000076b500000,0x0000000786200000)
  from space 14336K, 0% used [0x0000000786200000,0x0000000786200000,0x0000000787000000)
  to   space 12800K, 0% used [0x0000000787000000,0x0000000787000000,0x0000000787c80000)
 ParOldGen       total 79872K, used 27523K [0x00000006c1e00000, 0x00000006c6c00000, 0x000000076b500000)
  object space 79872K, 34% used [0x00000006c1e00000,0x00000006c38e0f08,0x00000006c6c00000)
 Metaspace       used 55658K, capacity 58668K, committed 58792K, reserved 1112064K
  class space    used 7427K, capacity 8044K, committed 8112K, reserved 1048576K
}
Event: 13.041 GC heap before
{Heap before GC invocations=17 (full 5):
 PSYoungGen      total 453632K, used 23177K [0x000000076b500000, 0x0000000788400000, 0x00000007c0000000)
  eden space 439296K, 5% used [0x000000076b500000,0x000000076cba27c8,0x0000000786200000)
  from space 14336K, 0% used [0x0000000786200000,0x0000000786200000,0x0000000787000000)
  to   space 12800K, 0% used [0x0000000787000000,0x0000000787000000,0x0000000787c80000)
 ParOldGen       total 79872K, used 27523K [0x00000006c1e00000, 0x00000006c6c00000, 0x000000076b500000)
  object space 79872K, 34% used [0x00000006c1e00000,0x00000006c38e0f08,0x00000006c6c00000)
 Metaspace       used 55958K, capacity 58956K, committed 59048K, reserved 1116160K
  class space    used 7471K, capacity 8076K, committed 8112K, reserved 1048576K
Event: 13.043 GC heap after
Heap after GC invocations=17 (full 5):
 PSYoungGen      total 452096K, used 624K [0x000000076b500000, 0x0000000788400000, 0x00000007c0000000)
  eden space 439296K, 0% used [0x000000076b500000,0x000000076b500000,0x0000000786200000)
  from space 12800K, 4% used [0x0000000787000000,0x000000078709c1d8,0x0000000787c80000)
  to   space 14336K, 0% used [0x0000000786200000,0x0000000786200000,0x0000000787000000)
 ParOldGen       total 79872K, used 27523K [0x00000006c1e00000, 0x00000006c6c00000, 0x000000076b500000)
  object space 79872K, 34% used [0x00000006c1e00000,0x00000006c38e0f08,0x00000006c6c00000)
 Metaspace       used 55958K, capacity 58956K, committed 59048K, reserved 1116160K
  class space    used 7471K, capacity 8076K, committed 8112K, reserved 1048576K
}
Event: 13.043 GC heap before
{Heap before GC invocations=18 (full 6):
 PSYoungGen      total 452096K, used 624K [0x000000076b500000, 0x0000000788400000, 0x00000007c0000000)
  eden space 439296K, 0% used [0x000000076b500000,0x000000076b500000,0x0000000786200000)
  from space 12800K, 4% used [0x0000000787000000,0x000000078709c1d8,0x0000000787c80000)
  to   space 14336K, 0% used [0x0000000786200000,0x0000000786200000,0x0000000787000000)
 ParOldGen       total 79872K, used 27523K [0x00000006c1e00000, 0x00000006c6c00000, 0x000000076b500000)
  object space 79872K, 34% used [0x00000006c1e00000,0x00000006c38e0f08,0x00000006c6c00000)
 Metaspace       used 55958K, capacity 58956K, committed 59048K, reserved 1116160K
  class space    used 7471K, capacity 8076K, committed 8112K, reserved 1048576K
Event: 13.079 GC heap after
Heap after GC invocations=18 (full 6):
 PSYoungGen      total 452096K, used 0K [0x000000076b500000, 0x0000000788400000, 0x00000007c0000000)
  eden space 439296K, 0% used [0x000000076b500000,0x000000076b500000,0x0000000786200000)
  from space 12800K, 0% used [0x0000000787000000,0x0000000787000000,0x0000000787c80000)
  to   space 14336K, 0% used [0x0000000786200000,0x0000000786200000,0x0000000787000000)
 ParOldGen       total 79872K, used 25923K [0x00000006c1e00000, 0x00000006c6c00000, 0x000000076b500000)
  object space 79872K, 32% used [0x00000006c1e00000,0x00000006c3750da8,0x00000006c6c00000)
 Metaspace       used 55958K, capacity 58956K, committed 59048K, reserved 1114112K
  class space    used 7471K, capacity 8076K, committed 8112K, reserved 1048576K
}
Event: 13.080 GC heap before
{Heap before GC invocations=19 (full 6):
 PSYoungGen      total 452096K, used 0K [0x000000076b500000, 0x0000000788400000, 0x00000007c0000000)
  eden space 439296K, 0% used [0x000000076b500000,0x000000076b500000,0x0000000786200000)
  from space 12800K, 0% used [0x0000000787000000,0x0000000787000000,0x0000000787c80000)
  to   space 14336K, 0% used [0x0000000786200000,0x0000000786200000,0x0000000787000000)
 ParOldGen       total 79872K, used 25923K [0x00000006c1e00000, 0x00000006c6c00000, 0x000000076b500000)
  object space 79872K, 32% used [0x00000006c1e00000,0x00000006c3750da8,0x00000006c6c00000)
 Metaspace       used 55958K, capacity 58956K, committed 59048K, reserved 1118208K
  class space    used 7471K, capacity 8076K, committed 8112K, reserved 1048576K
Event: 13.081 GC heap after
Heap after GC invocations=19 (full 6):
 PSYoungGen      total 453632K, used 0K [0x000000076b500000, 0x0000000788400000, 0x00000007c0000000)
  eden space 439296K, 0% used [0x000000076b500000,0x000000076b500000,0x0000000786200000)
  from space 14336K, 0% used [0x0000000786200000,0x0000000786200000,0x0000000787000000)
  to   space 12800K, 0% used [0x0000000787000000,0x0000000787000000,0x0000000787c80000)
 ParOldGen       total 79872K, used 25923K [0x00000006c1e00000, 0x00000006c6c00000, 0x000000076b500000)
  object space 79872K, 32% used [0x00000006c1e00000,0x00000006c3750da8,0x00000006c6c00000)
 Metaspace       used 55958K, capacity 58956K, committed 59048K, reserved 1118208K
  class space    used 7471K, capacity 8076K, committed 8112K, reserved 1048576K
}
Event: 13.081 GC heap before
{Heap before GC invocations=20 (full 7):
 PSYoungGen      total 453632K, used 0K [0x000000076b500000, 0x0000000788400000, 0x00000007c0000000)
  eden space 439296K, 0% used [0x000000076b500000,0x000000076b500000,0x0000000786200000)
  from space 14336K, 0% used [0x0000000786200000,0x0000000786200000,0x0000000787000000)
  to   space 12800K, 0% used [0x0000000787000000,0x0000000787000000,0x0000000787c80000)
 ParOldGen       total 79872K, used 25923K [0x00000006c1e00000, 0x00000006c6c00000, 0x000000076b500000)
  object space 79872K, 32% used [0x00000006c1e00000,0x00000006c3750da8,0x00000006c6c00000)
 Metaspace       used 55958K, capacity 58956K, committed 59048K, reserved 1118208K
  class space    used 7471K, capacity 8076K, committed 8112K, reserved 1048576K
Event: 13.161 GC heap after
Heap after GC invocations=20 (full 7):
 PSYoungGen      total 453632K, used 0K [0x000000076b500000, 0x0000000788400000, 0x00000007c0000000)
  eden space 439296K, 0% used [0x000000076b500000,0x000000076b500000,0x0000000786200000)
  from space 14336K, 0% used [0x0000000786200000,0x0000000786200000,0x0000000787000000)
  to   space 12800K, 0% used [0x0000000787000000,0x0000000787000000,0x0000000787c80000)
 ParOldGen       total 79872K, used 21187K [0x00000006c1e00000, 0x00000006c6c00000, 0x000000076b500000)
  object space 79872K, 26% used [0x00000006c1e00000,0x00000006c32b0e28,0x00000006c6c00000)
 Metaspace       used 55672K, capacity 58488K, committed 59048K, reserved 1114112K
  class space    used 7423K, capacity 7990K, committed 8112K, reserved 1048576K
}

