# JRE version: OpenJDK Runtime Environment (8.0_362-b08) (build 1.8.0_362-b08)
# Java VM: OpenJDK 64-Bit Server VM (25.362-b08 mixed mode windows-amd64 compressed oops)
Heap:
 PSYoungGen      total 1064448K, used 159752K [0x000000076b500000, 0x00000007c0000000, 0x00000007c0000000)
  eden space 1037312K, 15% used [0x000000076b500000,0x0000000774f663a0,0x00000007aaa00000)
  from space 27136K, 6% used [0x00000007aaa00000,0x00000007aab9c050,0x00000007ac480000)
  to   space 27136K, 0% used [0x00000007be580000,0x00000007be580000,0x00000007c0000000)
 ParOldGen       total 116224K, used 59103K [0x00000006c1e00000, 0x00000006c8f80000, 0x000000076b500000)
  object space 116224K, 50% used [0x00000006c1e00000,0x00000006c57b7c68,0x00000006c8f80000)
 Metaspace       used 83259K, capacity 89587K, committed 89648K, reserved 1126400K
  class space    used 11221K, capacity 12311K, committed 12336K, reserved 1048576K
GC Heap History (10 events):
Event: 17.281 GC heap before
{Heap before GC invocations=12 (full 2):
 PSYoungGen      total 470016K, used 34605K [0x000000076b500000, 0x0000000797980000, 0x00000007c0000000)
  eden space 455680K, 4% used [0x000000076b500000,0x000000076c8cf5c8,0x0000000787200000)
  from space 14336K, 99% used [0x0000000787200000,0x0000000787ffc068,0x0000000788000000)
  to   space 21504K, 0% used [0x0000000796480000,0x0000000796480000,0x0000000797980000)
 ParOldGen       total 97280K, used 29526K [0x00000006c1e00000, 0x00000006c7d00000, 0x000000076b500000)
  object space 97280K, 30% used [0x00000006c1e00000,0x00000006c3ad5a78,0x00000006c7d00000)
 Metaspace       used 56043K, capacity 59105K, committed 59160K, reserved 1099776K
  class space    used 7483K, capacity 8057K, committed 8112K, reserved 1048576K
Event: 17.289 GC heap after
Heap after GC invocations=12 (full 2):
 PSYoungGen      total 705024K, used 10036K [0x000000076b500000, 0x0000000799b00000, 0x00000007c0000000)
  eden space 683520K, 0% used [0x000000076b500000,0x000000076b500000,0x0000000795080000)
  from space 21504K, 46% used [0x0000000796480000,0x0000000796e4d3f0,0x0000000797980000)
  to   space 20480K, 0% used [0x0000000795080000,0x0000000795080000,0x0000000796480000)
 ParOldGen       total 97280K, used 33990K [0x00000006c1e00000, 0x00000006c7d00000, 0x000000076b500000)
  object space 97280K, 34% used [0x00000006c1e00000,0x00000006c3f31a98,0x00000006c7d00000)
 Metaspace       used 56043K, capacity 59105K, committed 59160K, reserved 1099776K
  class space    used 7483K, capacity 8057K, committed 8112K, reserved 1048576K
}
Event: 17.289 GC heap before
{Heap before GC invocations=13 (full 3):
 PSYoungGen      total 705024K, used 10036K [0x000000076b500000, 0x0000000799b00000, 0x00000007c0000000)
  eden space 683520K, 0% used [0x000000076b500000,0x000000076b500000,0x0000000795080000)
  from space 21504K, 46% used [0x0000000796480000,0x0000000796e4d3f0,0x0000000797980000)
  to   space 20480K, 0% used [0x0000000795080000,0x0000000795080000,0x0000000796480000)
 ParOldGen       total 97280K, used 33990K [0x00000006c1e00000, 0x00000006c7d00000, 0x000000076b500000)
  object space 97280K, 34% used [0x00000006c1e00000,0x00000006c3f31a98,0x00000006c7d00000)
 Metaspace       used 56043K, capacity 59105K, committed 59160K, reserved 1099776K
  class space    used 7483K, capacity 8057K, committed 8112K, reserved 1048576K
Event: 17.394 GC heap after
Heap after GC invocations=13 (full 3):
 PSYoungGen      total 705024K, used 0K [0x000000076b500000, 0x0000000799b00000, 0x00000007c0000000)
  eden space 683520K, 0% used [0x000000076b500000,0x000000076b500000,0x0000000795080000)
  from space 21504K, 0% used [0x0000000796480000,0x0000000796480000,0x0000000797980000)
  to   space 20480K, 0% used [0x0000000795080000,0x0000000795080000,0x0000000796480000)
 ParOldGen       total 116224K, used 25523K [0x00000006c1e00000, 0x00000006c8f80000, 0x000000076b500000)
  object space 116224K, 21% used [0x00000006c1e00000,0x00000006c36ecf48,0x00000006c8f80000)
 Metaspace       used 56043K, capacity 59105K, committed 59160K, reserved 1099776K
  class space    used 7483K, capacity 8057K, committed 8112K, reserved 1048576K
}
Event: 27.753 GC heap before
{Heap before GC invocations=14 (full 3):
 PSYoungGen      total 705024K, used 683520K [0x000000076b500000, 0x0000000799b00000, 0x00000007c0000000)
  eden space 683520K, 100% used [0x000000076b500000,0x0000000795080000,0x0000000795080000)
  from space 21504K, 0% used [0x0000000796480000,0x0000000796480000,0x0000000797980000)
  to   space 20480K, 0% used [0x0000000795080000,0x0000000795080000,0x0000000796480000)
 ParOldGen       total 116224K, used 25523K [0x00000006c1e00000, 0x00000006c8f80000, 0x000000076b500000)
  object space 116224K, 21% used [0x00000006c1e00000,0x00000006c36ecf48,0x00000006c8f80000)
 Metaspace       used 77478K, capacity 83431K, committed 83504K, reserved 1122304K
  class space    used 10501K, capacity 11517K, committed 11568K, reserved 1048576K
Event: 27.769 GC heap after
Heap after GC invocations=14 (full 3):
 PSYoungGen      total 704000K, used 20454K [0x000000076b500000, 0x00000007aeb80000, 0x00000007c0000000)
  eden space 683520K, 0% used [0x000000076b500000,0x000000076b500000,0x0000000795080000)
  from space 20480K, 99% used [0x0000000795080000,0x00000007964799f0,0x0000000796480000)
  to   space 27136K, 0% used [0x00000007ad100000,0x00000007ad100000,0x00000007aeb80000)
 ParOldGen       total 116224K, used 36971K [0x00000006c1e00000, 0x00000006c8f80000, 0x000000076b500000)
  object space 116224K, 31% used [0x00000006c1e00000,0x00000006c421ae10,0x00000006c8f80000)
 Metaspace       used 77478K, capacity 83431K, committed 83504K, reserved 1122304K
  class space    used 10501K, capacity 11517K, committed 11568K, reserved 1048576K
}
Event: 1664.876 GC heap before
{Heap before GC invocations=15 (full 3):
 PSYoungGen      total 704000K, used 703974K [0x000000076b500000, 0x00000007aeb80000, 0x00000007c0000000)
  eden space 683520K, 100% used [0x000000076b500000,0x0000000795080000,0x0000000795080000)
  from space 20480K, 99% used [0x0000000795080000,0x00000007964799f0,0x0000000796480000)
  to   space 27136K, 0% used [0x00000007ad100000,0x00000007ad100000,0x00000007aeb80000)
 ParOldGen       total 116224K, used 36971K [0x00000006c1e00000, 0x00000006c8f80000, 0x000000076b500000)
  object space 116224K, 31% used [0x00000006c1e00000,0x00000006c421ae10,0x00000006c8f80000)
 Metaspace       used 83067K, capacity 89295K, committed 89392K, reserved 1126400K
  class space    used 11200K, capacity 12257K, committed 12336K, reserved 1048576K
Event: 1664.907 GC heap after
Heap after GC invocations=15 (full 3):
 PSYoungGen      total 1051648K, used 7140K [0x000000076b500000, 0x00000007adf00000, 0x00000007c0000000)
  eden space 1037312K, 0% used [0x000000076b500000,0x000000076b500000,0x00000007aaa00000)
  from space 14336K, 49% used [0x00000007ad100000,0x00000007ad7f9178,0x00000007adf00000)
  to   space 27136K, 0% used [0x00000007aaa00000,0x00000007aaa00000,0x00000007ac480000)
 ParOldGen       total 116224K, used 56158K [0x00000006c1e00000, 0x00000006c8f80000, 0x000000076b500000)
  object space 116224K, 48% used [0x00000006c1e00000,0x00000006c54d7bb8,0x00000006c8f80000)
 Metaspace       used 83067K, capacity 89295K, committed 89392K, reserved 1126400K
  class space    used 11200K, capacity 12257K, committed 12336K, reserved 1048576K
}
Event: 4692.834 GC heap before
{Heap before GC invocations=16 (full 3):
 PSYoungGen      total 1051648K, used 1044452K [0x000000076b500000, 0x00000007adf00000, 0x00000007c0000000)
  eden space 1037312K, 100% used [0x000000076b500000,0x00000007aaa00000,0x00000007aaa00000)
  from space 14336K, 49% used [0x00000007ad100000,0x00000007ad7f9178,0x00000007adf00000)
  to   space 27136K, 0% used [0x00000007aaa00000,0x00000007aaa00000,0x00000007ac480000)
 ParOldGen       total 116224K, used 56158K [0x00000006c1e00000, 0x00000006c8f80000, 0x000000076b500000)
  object space 116224K, 48% used [0x00000006c1e00000,0x00000006c54d7bb8,0x00000006c8f80000)
 Metaspace       used 83177K, capacity 89491K, committed 89648K, reserved 1126400K
  class space    used 11213K, capacity 12279K, committed 12336K, reserved 1048576K
Event: 4692.857 GC heap after
Heap after GC invocations=16 (full 3):
 PSYoungGen      total 1064448K, used 1648K [0x000000076b500000, 0x00000007c0000000, 0x00000007c0000000)
  eden space 1037312K, 0% used [0x000000076b500000,0x000000076b500000,0x00000007aaa00000)
  from space 27136K, 6% used [0x00000007aaa00000,0x00000007aab9c050,0x00000007ac480000)
  to   space 27136K, 0% used [0x00000007be580000,0x00000007be580000,0x00000007c0000000)
 ParOldGen       total 116224K, used 59103K [0x00000006c1e00000, 0x00000006c8f80000, 0x000000076b500000)
  object space 116224K, 50% used [0x00000006c1e00000,0x00000006c57b7c68,0x00000006c8f80000)
 Metaspace       used 83177K, capacity 89491K, committed 89648K, reserved 1126400K
  class space    used 11213K, capacity 12279K, committed 12336K, reserved 1048576K
}

