# JRE version: OpenJDK Runtime Environment (8.0_362-b08) (build 1.8.0_362-b08)
# Java VM: OpenJDK 64-Bit Server VM (25.362-b08 mixed mode windows-amd64 compressed oops)
Heap:
 PSYoungGen      total 744448K, used 53190K [0x000000076b500000, 0x000000079b380000, 0x00000007c0000000)
  eden space 727552K, 5% used [0x000000076b500000,0x000000076d8b0600,0x0000000797b80000)
  from space 16896K, 98% used [0x000000079a300000,0x000000079b3413d0,0x000000079b380000)
  to   space 22528K, 0% used [0x0000000798780000,0x0000000798780000,0x0000000799d80000)
 ParOldGen       total 152064K, used 39061K [0x00000006c1e00000, 0x00000006cb280000, 0x000000076b500000)
  object space 152064K, 25% used [0x00000006c1e00000,0x00000006c4425730,0x00000006cb280000)
 Metaspace       used 73611K, capacity 79529K, committed 79640K, reserved 1120256K
  class space    used 9956K, capacity 11002K, committed 11056K, reserved 1048576K
GC Heap History (10 events):
Event: 16.666 GC heap before
{Heap before GC invocations=11 (full 2):
 PSYoungGen      total 406016K, used 405760K [0x000000076b500000, 0x0000000785780000, 0x00000007c0000000)
  eden space 394240K, 100% used [0x000000076b500000,0x0000000783600000,0x0000000783600000)
  from space 11776K, 97% used [0x0000000784c00000,0x00000007857403b8,0x0000000785780000)
  to   space 13824K, 0% used [0x0000000783c80000,0x0000000783c80000,0x0000000784a00000)
 ParOldGen       total 115712K, used 17314K [0x00000006c1e00000, 0x00000006c8f00000, 0x000000076b500000)
  object space 115712K, 14% used [0x00000006c1e00000,0x00000006c2ee8b58,0x00000006c8f00000)
 Metaspace       used 53423K, capacity 56274K, committed 56360K, reserved 1097728K
  class space    used 7109K, capacity 7671K, committed 7728K, reserved 1048576K
Event: 16.687 GC heap after
Heap after GC invocations=11 (full 2):
 PSYoungGen      total 414720K, used 13808K [0x000000076b500000, 0x000000078f780000, 0x00000007c0000000)
  eden space 400896K, 0% used [0x000000076b500000,0x000000076b500000,0x0000000783c80000)
  from space 13824K, 99% used [0x0000000783c80000,0x00000007849fc130,0x0000000784a00000)
  to   space 19456K, 0% used [0x000000078e480000,0x000000078e480000,0x000000078f780000)
 ParOldGen       total 115712K, used 28087K [0x00000006c1e00000, 0x00000006c8f00000, 0x000000076b500000)
  object space 115712K, 24% used [0x00000006c1e00000,0x00000006c396dff8,0x00000006c8f00000)
 Metaspace       used 53423K, capacity 56274K, committed 56360K, reserved 1097728K
  class space    used 7109K, capacity 7671K, committed 7728K, reserved 1048576K
}
Event: 17.036 GC heap before
{Heap before GC invocations=12 (full 2):
 PSYoungGen      total 414720K, used 64128K [0x000000076b500000, 0x000000078f780000, 0x00000007c0000000)
  eden space 400896K, 12% used [0x000000076b500000,0x000000076e624068,0x0000000783c80000)
  from space 13824K, 99% used [0x0000000783c80000,0x00000007849fc130,0x0000000784a00000)
  to   space 19456K, 0% used [0x000000078e480000,0x000000078e480000,0x000000078f780000)
 ParOldGen       total 115712K, used 28087K [0x00000006c1e00000, 0x00000006c8f00000, 0x000000076b500000)
  object space 115712K, 24% used [0x00000006c1e00000,0x00000006c396dff8,0x00000006c8f00000)
 Metaspace       used 55898K, capacity 58933K, committed 59160K, reserved 1099776K
  class space    used 7404K, capacity 7984K, committed 7984K, reserved 1048576K
Event: 17.048 GC heap after
Heap after GC invocations=12 (full 2):
 PSYoungGen      total 572928K, used 12164K [0x000000076b500000, 0x0000000791180000, 0x00000007c0000000)
  eden space 553472K, 0% used [0x000000076b500000,0x000000076b500000,0x000000078d180000)
  from space 19456K, 62% used [0x000000078e480000,0x000000078f0612f0,0x000000078f780000)
  to   space 19456K, 0% used [0x000000078d180000,0x000000078d180000,0x000000078e480000)
 ParOldGen       total 115712K, used 31860K [0x00000006c1e00000, 0x00000006c8f00000, 0x000000076b500000)
  object space 115712K, 27% used [0x00000006c1e00000,0x00000006c3d1d008,0x00000006c8f00000)
 Metaspace       used 55898K, capacity 58933K, committed 59160K, reserved 1099776K
  class space    used 7404K, capacity 7984K, committed 7984K, reserved 1048576K
}
Event: 17.048 GC heap before
{Heap before GC invocations=13 (full 3):
 PSYoungGen      total 572928K, used 12164K [0x000000076b500000, 0x0000000791180000, 0x00000007c0000000)
  eden space 553472K, 0% used [0x000000076b500000,0x000000076b500000,0x000000078d180000)
  from space 19456K, 62% used [0x000000078e480000,0x000000078f0612f0,0x000000078f780000)
  to   space 19456K, 0% used [0x000000078d180000,0x000000078d180000,0x000000078e480000)
 ParOldGen       total 115712K, used 31860K [0x00000006c1e00000, 0x00000006c8f00000, 0x000000076b500000)
  object space 115712K, 27% used [0x00000006c1e00000,0x00000006c3d1d008,0x00000006c8f00000)
 Metaspace       used 55898K, capacity 58933K, committed 59160K, reserved 1099776K
  class space    used 7404K, capacity 7984K, committed 7984K, reserved 1048576K
Event: 17.182 GC heap after
Heap after GC invocations=13 (full 3):
 PSYoungGen      total 572928K, used 0K [0x000000076b500000, 0x0000000791180000, 0x00000007c0000000)
  eden space 553472K, 0% used [0x000000076b500000,0x000000076b500000,0x000000078d180000)
  from space 19456K, 0% used [0x000000078e480000,0x000000078e480000,0x000000078f780000)
  to   space 19456K, 0% used [0x000000078d180000,0x000000078d180000,0x000000078e480000)
 ParOldGen       total 152064K, used 27709K [0x00000006c1e00000, 0x00000006cb280000, 0x000000076b500000)
  object space 152064K, 18% used [0x00000006c1e00000,0x00000006c390f608,0x00000006cb280000)
 Metaspace       used 55898K, capacity 58933K, committed 59160K, reserved 1099776K
  class space    used 7404K, capacity 7984K, committed 7984K, reserved 1048576K
}
Event: 23.077 GC heap before
{Heap before GC invocations=14 (full 3):
 PSYoungGen      total 572928K, used 553472K [0x000000076b500000, 0x0000000791180000, 0x00000007c0000000)
  eden space 553472K, 100% used [0x000000076b500000,0x000000078d180000,0x000000078d180000)
  from space 19456K, 0% used [0x000000078e480000,0x000000078e480000,0x000000078f780000)
  to   space 19456K, 0% used [0x000000078d180000,0x000000078d180000,0x000000078e480000)
 ParOldGen       total 152064K, used 27709K [0x00000006c1e00000, 0x00000006cb280000, 0x000000076b500000)
  object space 152064K, 18% used [0x00000006c1e00000,0x00000006c390f608,0x00000006cb280000)
 Metaspace       used 65060K, capacity 69169K, committed 69400K, reserved 1110016K
  class space    used 8707K, capacity 9461K, committed 9520K, reserved 1048576K
Event: 23.101 GC heap after
Heap after GC invocations=14 (full 3):
 PSYoungGen      total 572928K, used 19158K [0x000000076b500000, 0x000000079b800000, 0x00000007c0000000)
  eden space 553472K, 0% used [0x000000076b500000,0x000000076b500000,0x000000078d180000)
  from space 19456K, 98% used [0x000000078d180000,0x000000078e4359d0,0x000000078e480000)
  to   space 21504K, 0% used [0x000000079a300000,0x000000079a300000,0x000000079b800000)
 ParOldGen       total 152064K, used 27717K [0x00000006c1e00000, 0x00000006cb280000, 0x000000076b500000)
  object space 152064K, 18% used [0x00000006c1e00000,0x00000006c3911608,0x00000006cb280000)
 Metaspace       used 65060K, capacity 69169K, committed 69400K, reserved 1110016K
  class space    used 8707K, capacity 9461K, committed 9520K, reserved 1048576K
}
Event: 30.602 GC heap before
{Heap before GC invocations=15 (full 3):
 PSYoungGen      total 572928K, used 572630K [0x000000076b500000, 0x000000079b800000, 0x00000007c0000000)
  eden space 553472K, 100% used [0x000000076b500000,0x000000078d180000,0x000000078d180000)
  from space 19456K, 98% used [0x000000078d180000,0x000000078e4359d0,0x000000078e480000)
  to   space 21504K, 0% used [0x000000079a300000,0x000000079a300000,0x000000079b800000)
 ParOldGen       total 152064K, used 27717K [0x00000006c1e00000, 0x00000006cb280000, 0x000000076b500000)
  object space 152064K, 18% used [0x00000006c1e00000,0x00000006c3911608,0x00000006cb280000)
 Metaspace       used 72018K, capacity 77857K, committed 78104K, reserved 1116160K
  class space    used 9778K, capacity 10792K, committed 10800K, reserved 1048576K
Event: 30.620 GC heap after
Heap after GC invocations=15 (full 3):
 PSYoungGen      total 744448K, used 16644K [0x000000076b500000, 0x000000079b380000, 0x00000007c0000000)
  eden space 727552K, 0% used [0x000000076b500000,0x000000076b500000,0x0000000797b80000)
  from space 16896K, 98% used [0x000000079a300000,0x000000079b3413d0,0x000000079b380000)
  to   space 22528K, 0% used [0x0000000798780000,0x0000000798780000,0x0000000799d80000)
 ParOldGen       total 152064K, used 39061K [0x00000006c1e00000, 0x00000006cb280000, 0x000000076b500000)
  object space 152064K, 25% used [0x00000006c1e00000,0x00000006c4425730,0x00000006cb280000)
 Metaspace       used 72018K, capacity 77857K, committed 78104K, reserved 1116160K
  class space    used 9778K, capacity 10792K, committed 10800K, reserved 1048576K
}

