# JRE version: OpenJDK Runtime Environment (8.0_362-b08) (build 1.8.0_362-b08)
# Java VM: OpenJDK 64-Bit Server VM (25.362-b08 mixed mode windows-amd64 compressed oops)
Heap:
 PSYoungGen      total 169984K, used 7208K [0x000000076b500000, 0x0000000777480000, 0x00000007c0000000)
  eden space 154624K, 4% used [0x000000076b500000,0x000000076bc0a270,0x0000000774c00000)
  from space 15360K, 0% used [0x0000000774c00000,0x0000000774c00000,0x0000000775b00000)
  to   space 16384K, 0% used [0x0000000776480000,0x0000000776480000,0x0000000777480000)
 ParOldGen       total 287232K, used 37493K [0x00000006c1e00000, 0x00000006d3680000, 0x000000076b500000)
  object space 287232K, 13% used [0x00000006c1e00000,0x00000006c429d710,0x00000006d3680000)
 Metaspace       used 72003K, capacity 77684K, committed 77972K, reserved 1124352K
  class space    used 9826K, capacity 10849K, committed 10940K, reserved 1048576K
GC Heap History (10 events):
Event: 21.098 GC heap before
{Heap before GC invocations=23 (full 6):
 PSYoungGen      total 169984K, used 676K [0x000000076b500000, 0x0000000777480000, 0x00000007c0000000)
  eden space 154624K, 0% used [0x000000076b500000,0x000000076b500000,0x0000000774c00000)
  from space 15360K, 4% used [0x0000000774c00000,0x0000000774ca91d8,0x0000000775b00000)
  to   space 16384K, 0% used [0x0000000776480000,0x0000000776480000,0x0000000777480000)
 ParOldGen       total 287232K, used 40182K [0x00000006c1e00000, 0x00000006d3680000, 0x000000076b500000)
  object space 287232K, 13% used [0x00000006c1e00000,0x00000006c453d930,0x00000006d3680000)
 Metaspace       used 71335K, capacity 76970K, committed 77076K, reserved 1124352K
  class space    used 9753K, capacity 10754K, committed 10812K, reserved 1048576K
Event: 21.196 GC heap after
Heap after GC invocations=23 (full 6):
 PSYoungGen      total 169984K, used 0K [0x000000076b500000, 0x0000000777480000, 0x00000007c0000000)
  eden space 154624K, 0% used [0x000000076b500000,0x000000076b500000,0x0000000774c00000)
  from space 15360K, 0% used [0x0000000774c00000,0x0000000774c00000,0x0000000775b00000)
  to   space 16384K, 0% used [0x0000000776480000,0x0000000776480000,0x0000000777480000)
 ParOldGen       total 287232K, used 37955K [0x00000006c1e00000, 0x00000006d3680000, 0x000000076b500000)
  object space 287232K, 13% used [0x00000006c1e00000,0x00000006c4310e70,0x00000006d3680000)
 Metaspace       used 71335K, capacity 76970K, committed 77076K, reserved 1122304K
  class space    used 9753K, capacity 10754K, committed 10812K, reserved 1048576K
}
Event: 21.215 GC heap before
{Heap before GC invocations=24 (full 6):
 PSYoungGen      total 169984K, used 2693K [0x000000076b500000, 0x0000000777480000, 0x00000007c0000000)
  eden space 154624K, 1% used [0x000000076b500000,0x000000076b7a1450,0x0000000774c00000)
  from space 15360K, 0% used [0x0000000774c00000,0x0000000774c00000,0x0000000775b00000)
  to   space 16384K, 0% used [0x0000000776480000,0x0000000776480000,0x0000000777480000)
 ParOldGen       total 287232K, used 37955K [0x00000006c1e00000, 0x00000006d3680000, 0x000000076b500000)
  object space 287232K, 13% used [0x00000006c1e00000,0x00000006c4310e70,0x00000006d3680000)
 Metaspace       used 71590K, capacity 77264K, committed 77332K, reserved 1126400K
  class space    used 9769K, capacity 10787K, committed 10812K, reserved 1048576K
Event: 21.222 GC heap after
Heap after GC invocations=24 (full 6):
 PSYoungGen      total 171008K, used 272K [0x000000076b500000, 0x0000000777480000, 0x00000007c0000000)
  eden space 154624K, 0% used [0x000000076b500000,0x000000076b500000,0x0000000774c00000)
  from space 16384K, 1% used [0x0000000776480000,0x00000007764c4010,0x0000000777480000)
  to   space 15360K, 0% used [0x0000000774c00000,0x0000000774c00000,0x0000000775b00000)
 ParOldGen       total 287232K, used 37955K [0x00000006c1e00000, 0x00000006d3680000, 0x000000076b500000)
  object space 287232K, 13% used [0x00000006c1e00000,0x00000006c4310e70,0x00000006d3680000)
 Metaspace       used 71590K, capacity 77264K, committed 77332K, reserved 1126400K
  class space    used 9769K, capacity 10787K, committed 10812K, reserved 1048576K
}
Event: 21.222 GC heap before
{Heap before GC invocations=25 (full 7):
 PSYoungGen      total 171008K, used 272K [0x000000076b500000, 0x0000000777480000, 0x00000007c0000000)
  eden space 154624K, 0% used [0x000000076b500000,0x000000076b500000,0x0000000774c00000)
  from space 16384K, 1% used [0x0000000776480000,0x00000007764c4010,0x0000000777480000)
  to   space 15360K, 0% used [0x0000000774c00000,0x0000000774c00000,0x0000000775b00000)
 ParOldGen       total 287232K, used 37955K [0x00000006c1e00000, 0x00000006d3680000, 0x000000076b500000)
  object space 287232K, 13% used [0x00000006c1e00000,0x00000006c4310e70,0x00000006d3680000)
 Metaspace       used 71590K, capacity 77264K, committed 77332K, reserved 1126400K
  class space    used 9769K, capacity 10787K, committed 10812K, reserved 1048576K
Event: 21.445 GC heap after
Heap after GC invocations=25 (full 7):
 PSYoungGen      total 171008K, used 0K [0x000000076b500000, 0x0000000777480000, 0x00000007c0000000)
  eden space 154624K, 0% used [0x000000076b500000,0x000000076b500000,0x0000000774c00000)
  from space 16384K, 0% used [0x0000000776480000,0x0000000776480000,0x0000000777480000)
  to   space 15360K, 0% used [0x0000000774c00000,0x0000000774c00000,0x0000000775b00000)
 ParOldGen       total 287232K, used 37563K [0x00000006c1e00000, 0x00000006d3680000, 0x000000076b500000)
  object space 287232K, 13% used [0x00000006c1e00000,0x00000006c42aeee0,0x00000006d3680000)
 Metaspace       used 71590K, capacity 77264K, committed 77332K, reserved 1124352K
  class space    used 9769K, capacity 10787K, committed 10812K, reserved 1048576K
}
Event: 21.446 GC heap before
{Heap before GC invocations=26 (full 7):
 PSYoungGen      total 171008K, used 425K [0x000000076b500000, 0x0000000777480000, 0x00000007c0000000)
  eden space 154624K, 0% used [0x000000076b500000,0x000000076b56a4a8,0x0000000774c00000)
  from space 16384K, 0% used [0x0000000776480000,0x0000000776480000,0x0000000777480000)
  to   space 15360K, 0% used [0x0000000774c00000,0x0000000774c00000,0x0000000775b00000)
 ParOldGen       total 287232K, used 37563K [0x00000006c1e00000, 0x00000006d3680000, 0x000000076b500000)
  object space 287232K, 13% used [0x00000006c1e00000,0x00000006c42aeee0,0x00000006d3680000)
 Metaspace       used 71590K, capacity 77264K, committed 77332K, reserved 1128448K
  class space    used 9769K, capacity 10787K, committed 10812K, reserved 1048576K
Event: 21.447 GC heap after
Heap after GC invocations=26 (full 7):
 PSYoungGen      total 169984K, used 192K [0x000000076b500000, 0x0000000777480000, 0x00000007c0000000)
  eden space 154624K, 0% used [0x000000076b500000,0x000000076b500000,0x0000000774c00000)
  from space 15360K, 1% used [0x0000000774c00000,0x0000000774c30000,0x0000000775b00000)
  to   space 16384K, 0% used [0x0000000776480000,0x0000000776480000,0x0000000777480000)
 ParOldGen       total 287232K, used 37563K [0x00000006c1e00000, 0x00000006d3680000, 0x000000076b500000)
  object space 287232K, 13% used [0x00000006c1e00000,0x00000006c42aeee0,0x00000006d3680000)
 Metaspace       used 71590K, capacity 77264K, committed 77332K, reserved 1128448K
  class space    used 9769K, capacity 10787K, committed 10812K, reserved 1048576K
}
Event: 21.447 GC heap before
{Heap before GC invocations=27 (full 8):
 PSYoungGen      total 169984K, used 192K [0x000000076b500000, 0x0000000777480000, 0x00000007c0000000)
  eden space 154624K, 0% used [0x000000076b500000,0x000000076b500000,0x0000000774c00000)
  from space 15360K, 1% used [0x0000000774c00000,0x0000000774c30000,0x0000000775b00000)
  to   space 16384K, 0% used [0x0000000776480000,0x0000000776480000,0x0000000777480000)
 ParOldGen       total 287232K, used 37563K [0x00000006c1e00000, 0x00000006d3680000, 0x000000076b500000)
  object space 287232K, 13% used [0x00000006c1e00000,0x00000006c42aeee0,0x00000006d3680000)
 Metaspace       used 71590K, capacity 77264K, committed 77332K, reserved 1128448K
  class space    used 9769K, capacity 10787K, committed 10812K, reserved 1048576K
Event: 21.495 GC heap after
Heap after GC invocations=27 (full 8):
 PSYoungGen      total 169984K, used 0K [0x000000076b500000, 0x0000000777480000, 0x00000007c0000000)
  eden space 154624K, 0% used [0x000000076b500000,0x000000076b500000,0x0000000774c00000)
  from space 15360K, 0% used [0x0000000774c00000,0x0000000774c00000,0x0000000775b00000)
  to   space 16384K, 0% used [0x0000000776480000,0x0000000776480000,0x0000000777480000)
 ParOldGen       total 287232K, used 37493K [0x00000006c1e00000, 0x00000006d3680000, 0x000000076b500000)
  object space 287232K, 13% used [0x00000006c1e00000,0x00000006c429d710,0x00000006d3680000)
 Metaspace       used 71590K, capacity 77264K, committed 77332K, reserved 1124352K
  class space    used 9769K, capacity 10787K, committed 10812K, reserved 1048576K
}

