# JRE version: OpenJDK Runtime Environment (8.0_362-b08) (build 1.8.0_362-b08)
# Java VM: OpenJDK 64-Bit Server VM (25.362-b08 mixed mode windows-amd64 compressed oops)
Heap:
 PSYoungGen      total 425984K, used 367917K [0x000000076b500000, 0x000000078e200000, 0x00000007c0000000)
  eden space 407040K, 85% used [0x000000076b500000,0x0000000780a03f40,0x0000000784280000)
  from space 18944K, 98% used [0x000000078cf80000,0x000000078e1c7838,0x000000078e200000)
  to   space 24064K, 0% used [0x000000078b300000,0x000000078b300000,0x000000078ca80000)
 ParOldGen       total 181760K, used 45189K [0x00000006c1e00000, 0x00000006ccf80000, 0x000000076b500000)
  object space 181760K, 24% used [0x00000006c1e00000,0x00000006c4a215b0,0x00000006ccf80000)
 Metaspace       used 83460K, capacity 89810K, committed 90024K, reserved 1126400K
  class space    used 11273K, capacity 12376K, committed 12456K, reserved 1048576K
GC Heap History (10 events):
Event: 12.092 GC heap before
{Heap before GC invocations=11 (full 2):
 PSYoungGen      total 315904K, used 313510K [0x000000076b500000, 0x000000077f600000, 0x00000007c0000000)
  eden space 304128K, 100% used [0x000000076b500000,0x000000077de00000,0x000000077de00000)
  from space 11776K, 79% used [0x000000077ea80000,0x000000077f3a9978,0x000000077f600000)
  to   space 12288K, 0% used [0x000000077de00000,0x000000077de00000,0x000000077ea00000)
 ParOldGen       total 126976K, used 15195K [0x00000006c1e00000, 0x00000006c9a00000, 0x000000076b500000)
  object space 126976K, 11% used [0x00000006c1e00000,0x00000006c2cd6e30,0x00000006c9a00000)
 Metaspace       used 47754K, capacity 49998K, committed 50344K, reserved 1093632K
  class space    used 6293K, capacity 6723K, committed 6824K, reserved 1048576K
Event: 12.106 GC heap after
Heap after GC invocations=11 (full 2):
 PSYoungGen      total 316416K, used 12286K [0x000000076b500000, 0x0000000787700000, 0x00000007c0000000)
  eden space 304128K, 0% used [0x000000076b500000,0x000000076b500000,0x000000077de00000)
  from space 12288K, 99% used [0x000000077de00000,0x000000077e9ff980,0x000000077ea00000)
  to   space 17408K, 0% used [0x0000000786600000,0x0000000786600000,0x0000000787700000)
 ParOldGen       total 126976K, used 24197K [0x00000006c1e00000, 0x00000006c9a00000, 0x000000076b500000)
  object space 126976K, 19% used [0x00000006c1e00000,0x00000006c35a16a8,0x00000006c9a00000)
 Metaspace       used 47754K, capacity 49998K, committed 50344K, reserved 1093632K
  class space    used 6293K, capacity 6723K, committed 6824K, reserved 1048576K
}
Event: 16.575 GC heap before
{Heap before GC invocations=12 (full 2):
 PSYoungGen      total 316416K, used 207855K [0x000000076b500000, 0x0000000787700000, 0x00000007c0000000)
  eden space 304128K, 64% used [0x000000076b500000,0x00000007773fc528,0x000000077de00000)
  from space 12288K, 99% used [0x000000077de00000,0x000000077e9ff980,0x000000077ea00000)
  to   space 17408K, 0% used [0x0000000786600000,0x0000000786600000,0x0000000787700000)
 ParOldGen       total 126976K, used 24197K [0x00000006c1e00000, 0x00000006c9a00000, 0x000000076b500000)
  object space 126976K, 19% used [0x00000006c1e00000,0x00000006c35a16a8,0x00000006c9a00000)
 Metaspace       used 55869K, capacity 58926K, committed 59160K, reserved 1099776K
  class space    used 7392K, capacity 7955K, committed 7976K, reserved 1048576K
Event: 16.589 GC heap after
Heap after GC invocations=12 (full 2):
 PSYoungGen      total 434688K, used 16643K [0x000000076b500000, 0x0000000787680000, 0x00000007c0000000)
  eden space 417792K, 0% used [0x000000076b500000,0x000000076b500000,0x0000000784d00000)
  from space 16896K, 98% used [0x0000000786600000,0x0000000787640e88,0x0000000787680000)
  to   space 18944K, 0% used [0x0000000785180000,0x0000000785180000,0x0000000786400000)
 ParOldGen       total 126976K, used 28049K [0x00000006c1e00000, 0x00000006c9a00000, 0x000000076b500000)
  object space 126976K, 22% used [0x00000006c1e00000,0x00000006c3964730,0x00000006c9a00000)
 Metaspace       used 55869K, capacity 58926K, committed 59160K, reserved 1099776K
  class space    used 7392K, capacity 7955K, committed 7976K, reserved 1048576K
}
Event: 16.589 GC heap before
{Heap before GC invocations=13 (full 3):
 PSYoungGen      total 434688K, used 16643K [0x000000076b500000, 0x0000000787680000, 0x00000007c0000000)
  eden space 417792K, 0% used [0x000000076b500000,0x000000076b500000,0x0000000784d00000)
  from space 16896K, 98% used [0x0000000786600000,0x0000000787640e88,0x0000000787680000)
  to   space 18944K, 0% used [0x0000000785180000,0x0000000785180000,0x0000000786400000)
 ParOldGen       total 126976K, used 28049K [0x00000006c1e00000, 0x00000006c9a00000, 0x000000076b500000)
  object space 126976K, 22% used [0x00000006c1e00000,0x00000006c3964730,0x00000006c9a00000)
 Metaspace       used 55869K, capacity 58926K, committed 59160K, reserved 1099776K
  class space    used 7392K, capacity 7955K, committed 7976K, reserved 1048576K
Event: 16.724 GC heap after
Heap after GC invocations=13 (full 3):
 PSYoungGen      total 434688K, used 0K [0x000000076b500000, 0x0000000787680000, 0x00000007c0000000)
  eden space 417792K, 0% used [0x000000076b500000,0x000000076b500000,0x0000000784d00000)
  from space 16896K, 0% used [0x0000000786600000,0x0000000786600000,0x0000000787680000)
  to   space 18944K, 0% used [0x0000000785180000,0x0000000785180000,0x0000000786400000)
 ParOldGen       total 181760K, used 30278K [0x00000006c1e00000, 0x00000006ccf80000, 0x000000076b500000)
  object space 181760K, 16% used [0x00000006c1e00000,0x00000006c3b91a60,0x00000006ccf80000)
 Metaspace       used 55869K, capacity 58926K, committed 59160K, reserved 1099776K
  class space    used 7392K, capacity 7955K, committed 7976K, reserved 1048576K
}
Event: 22.587 GC heap before
{Heap before GC invocations=14 (full 3):
 PSYoungGen      total 434688K, used 417792K [0x000000076b500000, 0x0000000787680000, 0x00000007c0000000)
  eden space 417792K, 100% used [0x000000076b500000,0x0000000784d00000,0x0000000784d00000)
  from space 16896K, 0% used [0x0000000786600000,0x0000000786600000,0x0000000787680000)
  to   space 18944K, 0% used [0x0000000785180000,0x0000000785180000,0x0000000786400000)
 ParOldGen       total 181760K, used 30278K [0x00000006c1e00000, 0x00000006ccf80000, 0x000000076b500000)
  object space 181760K, 16% used [0x00000006c1e00000,0x00000006c3b91a60,0x00000006ccf80000)
 Metaspace       used 67566K, capacity 72112K, committed 72232K, reserved 1112064K
  class space    used 9121K, capacity 9943K, committed 10024K, reserved 1048576K
Event: 22.612 GC heap after
Heap after GC invocations=14 (full 3):
 PSYoungGen      total 441344K, used 18930K [0x000000076b500000, 0x000000078e580000, 0x00000007c0000000)
  eden space 422400K, 0% used [0x000000076b500000,0x000000076b500000,0x0000000785180000)
  from space 18944K, 99% used [0x0000000785180000,0x00000007863fc958,0x0000000786400000)
  to   space 22528K, 0% used [0x000000078cf80000,0x000000078cf80000,0x000000078e580000)
 ParOldGen       total 181760K, used 33705K [0x00000006c1e00000, 0x00000006ccf80000, 0x000000076b500000)
  object space 181760K, 18% used [0x00000006c1e00000,0x00000006c3eea438,0x00000006ccf80000)
 Metaspace       used 67566K, capacity 72112K, committed 72232K, reserved 1112064K
  class space    used 9121K, capacity 9943K, committed 10024K, reserved 1048576K
}
Event: 303.503 GC heap before
{Heap before GC invocations=15 (full 3):
 PSYoungGen      total 441344K, used 441330K [0x000000076b500000, 0x000000078e580000, 0x00000007c0000000)
  eden space 422400K, 100% used [0x000000076b500000,0x0000000785180000,0x0000000785180000)
  from space 18944K, 99% used [0x0000000785180000,0x00000007863fc958,0x0000000786400000)
  to   space 22528K, 0% used [0x000000078cf80000,0x000000078cf80000,0x000000078e580000)
 ParOldGen       total 181760K, used 33705K [0x00000006c1e00000, 0x00000006ccf80000, 0x000000076b500000)
  object space 181760K, 18% used [0x00000006c1e00000,0x00000006c3eea438,0x00000006ccf80000)
 Metaspace       used 82744K, capacity 88990K, committed 89128K, reserved 1126400K
  class space    used 11214K, capacity 12278K, committed 12328K, reserved 1048576K
Event: 303.530 GC heap after
Heap after GC invocations=15 (full 3):
 PSYoungGen      total 425984K, used 18718K [0x000000076b500000, 0x000000078e200000, 0x00000007c0000000)
  eden space 407040K, 0% used [0x000000076b500000,0x000000076b500000,0x0000000784280000)
  from space 18944K, 98% used [0x000000078cf80000,0x000000078e1c7838,0x000000078e200000)
  to   space 24064K, 0% used [0x000000078b300000,0x000000078b300000,0x000000078ca80000)
 ParOldGen       total 181760K, used 45189K [0x00000006c1e00000, 0x00000006ccf80000, 0x000000076b500000)
  object space 181760K, 24% used [0x00000006c1e00000,0x00000006c4a215b0,0x00000006ccf80000)
 Metaspace       used 82744K, capacity 88990K, committed 89128K, reserved 1126400K
  class space    used 11214K, capacity 12278K, committed 12328K, reserved 1048576K
}

