# JRE version: OpenJDK Runtime Environment (8.0_362-b08) (build 1.8.0_362-b08)
# Java VM: OpenJDK 64-Bit Server VM (25.362-b08 mixed mode windows-amd64 compressed oops)
Heap:
 PSYoungGen      total 201216K, used 177041K [0x000000076b500000, 0x000000077f880000, 0x00000007c0000000)
  eden space 190976K, 87% used [0x000000076b500000,0x00000007757e5238,0x0000000776f80000)
  from space 10240K, 99% used [0x0000000776f80000,0x000000077797f390,0x0000000777980000)
  to   space 14336K, 0% used [0x000000077ea80000,0x000000077ea80000,0x000000077f880000)
 ParOldGen       total 130048K, used 18149K [0x00000006c1e00000, 0x00000006c9d00000, 0x000000076b500000)
  object space 130048K, 13% used [0x00000006c1e00000,0x00000006c2fb9610,0x00000006c9d00000)
 Metaspace       used 49622K, capacity 52138K, committed 52352K, reserved 1093632K
  class space    used 6698K, capacity 7186K, committed 7296K, reserved 1048576K
GC Heap History (10 events):
Event: 3.623 GC heap before
{Heap before GC invocations=5 (full 1):
 PSYoungGen      total 76288K, used 65536K [0x000000076b500000, 0x0000000774a00000, 0x00000007c0000000)
  eden space 65536K, 100% used [0x000000076b500000,0x000000076f500000,0x000000076f500000)
  from space 10752K, 0% used [0x000000076f500000,0x000000076f500000,0x000000076ff80000)
  to   space 10752K, 0% used [0x0000000773f80000,0x0000000773f80000,0x0000000774a00000)
 ParOldGen       total 92160K, used 8078K [0x00000006c1e00000, 0x00000006c7800000, 0x000000076b500000)
  object space 92160K, 8% used [0x00000006c1e00000,0x00000006c25e3808,0x00000006c7800000)
 Metaspace       used 25197K, capacity 26384K, committed 26496K, reserved 1073152K
  class space    used 3417K, capacity 3704K, committed 3712K, reserved 1048576K
Event: 3.630 GC heap after
Heap after GC invocations=5 (full 1):
 PSYoungGen      total 120320K, used 6173K [0x000000076b500000, 0x0000000774600000, 0x00000007c0000000)
  eden space 113664K, 0% used [0x000000076b500000,0x000000076b500000,0x0000000772400000)
  from space 6656K, 92% used [0x0000000773f80000,0x00000007745874d0,0x0000000774600000)
  to   space 10752K, 0% used [0x0000000773100000,0x0000000773100000,0x0000000773b80000)
 ParOldGen       total 92160K, used 8086K [0x00000006c1e00000, 0x00000006c7800000, 0x000000076b500000)
  object space 92160K, 8% used [0x00000006c1e00000,0x00000006c25e5808,0x00000006c7800000)
 Metaspace       used 25197K, capacity 26384K, committed 26496K, reserved 1073152K
  class space    used 3417K, capacity 3704K, committed 3712K, reserved 1048576K
}
Event: 7.554 GC heap before
{Heap before GC invocations=6 (full 1):
 PSYoungGen      total 120320K, used 119837K [0x000000076b500000, 0x0000000774600000, 0x00000007c0000000)
  eden space 113664K, 100% used [0x000000076b500000,0x0000000772400000,0x0000000772400000)
  from space 6656K, 92% used [0x0000000773f80000,0x00000007745874d0,0x0000000774600000)
  to   space 10752K, 0% used [0x0000000773100000,0x0000000773100000,0x0000000773b80000)
 ParOldGen       total 92160K, used 8086K [0x00000006c1e00000, 0x00000006c7800000, 0x000000076b500000)
  object space 92160K, 8% used [0x00000006c1e00000,0x00000006c25e5808,0x00000006c7800000)
 Metaspace       used 31564K, capacity 32802K, committed 33024K, reserved 1077248K
  class space    used 4205K, capacity 4483K, committed 4608K, reserved 1048576K
Event: 7.564 GC heap after
Heap after GC invocations=6 (full 1):
 PSYoungGen      total 137728K, used 9225K [0x000000076b500000, 0x0000000778380000, 0x00000007c0000000)
  eden space 126976K, 0% used [0x000000076b500000,0x000000076b500000,0x0000000773100000)
  from space 10752K, 85% used [0x0000000773100000,0x0000000773a02500,0x0000000773b80000)
  to   space 10240K, 0% used [0x0000000777980000,0x0000000777980000,0x0000000778380000)
 ParOldGen       total 92160K, used 8094K [0x00000006c1e00000, 0x00000006c7800000, 0x000000076b500000)
  object space 92160K, 8% used [0x00000006c1e00000,0x00000006c25e7808,0x00000006c7800000)
 Metaspace       used 31564K, capacity 32802K, committed 33024K, reserved 1077248K
  class space    used 4205K, capacity 4483K, committed 4608K, reserved 1048576K
}
Event: 9.437 GC heap before
{Heap before GC invocations=7 (full 1):
 PSYoungGen      total 137728K, used 51739K [0x000000076b500000, 0x0000000778380000, 0x00000007c0000000)
  eden space 126976K, 33% used [0x000000076b500000,0x000000076de847e8,0x0000000773100000)
  from space 10752K, 85% used [0x0000000773100000,0x0000000773a02500,0x0000000773b80000)
  to   space 10240K, 0% used [0x0000000777980000,0x0000000777980000,0x0000000778380000)
 ParOldGen       total 92160K, used 8094K [0x00000006c1e00000, 0x00000006c7800000, 0x000000076b500000)
  object space 92160K, 8% used [0x00000006c1e00000,0x00000006c25e7808,0x00000006c7800000)
 Metaspace       used 34051K, capacity 35272K, committed 35416K, reserved 1079296K
  class space    used 4504K, capacity 4772K, committed 4864K, reserved 1048576K
Event: 9.442 GC heap after
Heap after GC invocations=7 (full 1):
 PSYoungGen      total 201216K, used 6639K [0x000000076b500000, 0x0000000779300000, 0x00000007c0000000)
  eden space 190976K, 0% used [0x000000076b500000,0x000000076b500000,0x0000000776f80000)
  from space 10240K, 64% used [0x0000000777980000,0x0000000777ffbe70,0x0000000778380000)
  to   space 10240K, 0% used [0x0000000776f80000,0x0000000776f80000,0x0000000777980000)
 ParOldGen       total 92160K, used 8102K [0x00000006c1e00000, 0x00000006c7800000, 0x000000076b500000)
  object space 92160K, 8% used [0x00000006c1e00000,0x00000006c25e9808,0x00000006c7800000)
 Metaspace       used 34051K, capacity 35272K, committed 35416K, reserved 1079296K
  class space    used 4504K, capacity 4772K, committed 4864K, reserved 1048576K
}
Event: 9.442 GC heap before
{Heap before GC invocations=8 (full 2):
 PSYoungGen      total 201216K, used 6639K [0x000000076b500000, 0x0000000779300000, 0x00000007c0000000)
  eden space 190976K, 0% used [0x000000076b500000,0x000000076b500000,0x0000000776f80000)
  from space 10240K, 64% used [0x0000000777980000,0x0000000777ffbe70,0x0000000778380000)
  to   space 10240K, 0% used [0x0000000776f80000,0x0000000776f80000,0x0000000777980000)
 ParOldGen       total 92160K, used 8102K [0x00000006c1e00000, 0x00000006c7800000, 0x000000076b500000)
  object space 92160K, 8% used [0x00000006c1e00000,0x00000006c25e9808,0x00000006c7800000)
 Metaspace       used 34051K, capacity 35272K, committed 35416K, reserved 1079296K
  class space    used 4504K, capacity 4772K, committed 4864K, reserved 1048576K
Event: 9.497 GC heap after
Heap after GC invocations=8 (full 2):
 PSYoungGen      total 201216K, used 0K [0x000000076b500000, 0x0000000779300000, 0x00000007c0000000)
  eden space 190976K, 0% used [0x000000076b500000,0x000000076b500000,0x0000000776f80000)
  from space 10240K, 0% used [0x0000000777980000,0x0000000777980000,0x0000000778380000)
  to   space 10240K, 0% used [0x0000000776f80000,0x0000000776f80000,0x0000000777980000)
 ParOldGen       total 130048K, used 11899K [0x00000006c1e00000, 0x00000006c9d00000, 0x000000076b500000)
  object space 130048K, 9% used [0x00000006c1e00000,0x00000006c299ee18,0x00000006c9d00000)
 Metaspace       used 34051K, capacity 35272K, committed 35416K, reserved 1079296K
  class space    used 4504K, capacity 4772K, committed 4864K, reserved 1048576K
}
Event: 11.130 GC heap before
{Heap before GC invocations=9 (full 2):
 PSYoungGen      total 201216K, used 190976K [0x000000076b500000, 0x0000000779300000, 0x00000007c0000000)
  eden space 190976K, 100% used [0x000000076b500000,0x0000000776f80000,0x0000000776f80000)
  from space 10240K, 0% used [0x0000000777980000,0x0000000777980000,0x0000000778380000)
  to   space 10240K, 0% used [0x0000000776f80000,0x0000000776f80000,0x0000000777980000)
 ParOldGen       total 130048K, used 11899K [0x00000006c1e00000, 0x00000006c9d00000, 0x000000076b500000)
  object space 130048K, 9% used [0x00000006c1e00000,0x00000006c299ee18,0x00000006c9d00000)
 Metaspace       used 40655K, capacity 42174K, committed 42496K, reserved 1085440K
  class space    used 5458K, capacity 5769K, committed 5888K, reserved 1048576K
Event: 11.146 GC heap after
Heap after GC invocations=9 (full 2):
 PSYoungGen      total 201216K, used 10236K [0x000000076b500000, 0x000000077f880000, 0x00000007c0000000)
  eden space 190976K, 0% used [0x000000076b500000,0x000000076b500000,0x0000000776f80000)
  from space 10240K, 99% used [0x0000000776f80000,0x000000077797f390,0x0000000777980000)
  to   space 14336K, 0% used [0x000000077ea80000,0x000000077ea80000,0x000000077f880000)
 ParOldGen       total 130048K, used 18149K [0x00000006c1e00000, 0x00000006c9d00000, 0x000000076b500000)
  object space 130048K, 13% used [0x00000006c1e00000,0x00000006c2fb9610,0x00000006c9d00000)
 Metaspace       used 40655K, capacity 42174K, committed 42496K, reserved 1085440K
  class space    used 5458K, capacity 5769K, committed 5888K, reserved 1048576K
}

