# JRE version: OpenJDK Runtime Environment (8.0_362-b08) (build 1.8.0_362-b08)
# Java VM: OpenJDK 64-Bit Server VM (25.362-b08 mixed mode windows-amd64 compressed oops)
Heap:
 PSYoungGen      total 344576K, used 220052K [0x000000076b500000, 0x0000000789c00000, 0x00000007c0000000)
  eden space 326656K, 67% used [0x000000076b500000,0x0000000778be52b0,0x000000077f400000)
  from space 17920K, 0% used [0x000000077f400000,0x000000077f400000,0x0000000780580000)
  to   space 22016K, 0% used [0x0000000788680000,0x0000000788680000,0x0000000789c00000)
 ParOldGen       total 176128K, used 33002K [0x00000006c1e00000, 0x00000006cca00000, 0x000000076b500000)
  object space 176128K, 18% used [0x00000006c1e00000,0x00000006c3e3ab80,0x00000006cca00000)
 Metaspace       used 63824K, capacity 67774K, committed 68008K, reserved 1110016K
  class space    used 8592K, capacity 9330K, committed 9392K, reserved 1048576K
GC Heap History (10 events):
Event: 16.451 GC heap before
{Heap before GC invocations=8 (full 2):
 PSYoungGen      total 204800K, used 12275K [0x000000076b500000, 0x000000077a380000, 0x00000007c0000000)
  eden space 192512K, 0% used [0x000000076b500000,0x000000076b500000,0x0000000777100000)
  from space 12288K, 99% used [0x0000000777f00000,0x0000000778afce88,0x0000000778b00000)
  to   space 14336K, 0% used [0x0000000777100000,0x0000000777100000,0x0000000777f00000)
 ParOldGen       total 90112K, used 9646K [0x00000006c1e00000, 0x00000006c7600000, 0x000000076b500000)
  object space 90112K, 10% used [0x00000006c1e00000,0x00000006c276bbf0,0x00000006c7600000)
 Metaspace       used 34078K, capacity 35358K, committed 35496K, reserved 1079296K
  class space    used 4441K, capacity 4703K, committed 4784K, reserved 1048576K
Event: 16.497 GC heap after
Heap after GC invocations=8 (full 2):
 PSYoungGen      total 204800K, used 0K [0x000000076b500000, 0x000000077a380000, 0x00000007c0000000)
  eden space 192512K, 0% used [0x000000076b500000,0x000000076b500000,0x0000000777100000)
  from space 12288K, 0% used [0x0000000777f00000,0x0000000777f00000,0x0000000778b00000)
  to   space 14336K, 0% used [0x0000000777100000,0x0000000777100000,0x0000000777f00000)
 ParOldGen       total 122368K, used 18484K [0x00000006c1e00000, 0x00000006c9580000, 0x000000076b500000)
  object space 122368K, 15% used [0x00000006c1e00000,0x00000006c300d060,0x00000006c9580000)
 Metaspace       used 34078K, capacity 35358K, committed 35496K, reserved 1079296K
  class space    used 4441K, capacity 4703K, committed 4784K, reserved 1048576K
}
Event: 17.677 GC heap before
{Heap before GC invocations=9 (full 2):
 PSYoungGen      total 204800K, used 192512K [0x000000076b500000, 0x000000077a380000, 0x00000007c0000000)
  eden space 192512K, 100% used [0x000000076b500000,0x0000000777100000,0x0000000777100000)
  from space 12288K, 0% used [0x0000000777f00000,0x0000000777f00000,0x0000000778b00000)
  to   space 14336K, 0% used [0x0000000777100000,0x0000000777100000,0x0000000777f00000)
 ParOldGen       total 122368K, used 18484K [0x00000006c1e00000, 0x00000006c9580000, 0x000000076b500000)
  object space 122368K, 15% used [0x00000006c1e00000,0x00000006c300d060,0x00000006c9580000)
 Metaspace       used 38488K, capacity 40102K, committed 40232K, reserved 1083392K
  class space    used 4996K, capacity 5339K, committed 5424K, reserved 1048576K
Event: 17.692 GC heap after
Heap after GC invocations=9 (full 2):
 PSYoungGen      total 206848K, used 11057K [0x000000076b500000, 0x0000000781600000, 0x00000007c0000000)
  eden space 192512K, 0% used [0x000000076b500000,0x000000076b500000,0x0000000777100000)
  from space 14336K, 77% used [0x0000000777100000,0x0000000777bcc468,0x0000000777f00000)
  to   space 14848K, 0% used [0x0000000780780000,0x0000000780780000,0x0000000781600000)
 ParOldGen       total 122368K, used 18492K [0x00000006c1e00000, 0x00000006c9580000, 0x000000076b500000)
  object space 122368K, 15% used [0x00000006c1e00000,0x00000006c300f060,0x00000006c9580000)
 Metaspace       used 38488K, capacity 40102K, committed 40232K, reserved 1083392K
  class space    used 4996K, capacity 5339K, committed 5424K, reserved 1048576K
}
Event: 19.504 GC heap before
{Heap before GC invocations=10 (full 2):
 PSYoungGen      total 206848K, used 203569K [0x000000076b500000, 0x0000000781600000, 0x00000007c0000000)
  eden space 192512K, 100% used [0x000000076b500000,0x0000000777100000,0x0000000777100000)
  from space 14336K, 77% used [0x0000000777100000,0x0000000777bcc468,0x0000000777f00000)
  to   space 14848K, 0% used [0x0000000780780000,0x0000000780780000,0x0000000781600000)
 ParOldGen       total 122368K, used 18492K [0x00000006c1e00000, 0x00000006c9580000, 0x000000076b500000)
  object space 122368K, 15% used [0x00000006c1e00000,0x00000006c300f060,0x00000006c9580000)
 Metaspace       used 46425K, capacity 48768K, committed 48936K, reserved 1091584K
  class space    used 6168K, capacity 6604K, committed 6704K, reserved 1048576K
Event: 19.516 GC heap after
Heap after GC invocations=10 (full 2):
 PSYoungGen      total 341504K, used 14840K [0x000000076b500000, 0x0000000781700000, 0x00000007c0000000)
  eden space 326656K, 0% used [0x000000076b500000,0x000000076b500000,0x000000077f400000)
  from space 14848K, 99% used [0x0000000780780000,0x00000007815fe3c0,0x0000000781600000)
  to   space 17920K, 0% used [0x000000077f400000,0x000000077f400000,0x0000000780580000)
 ParOldGen       total 122368K, used 21243K [0x00000006c1e00000, 0x00000006c9580000, 0x000000076b500000)
  object space 122368K, 17% used [0x00000006c1e00000,0x00000006c32bec68,0x00000006c9580000)
 Metaspace       used 46425K, capacity 48768K, committed 48936K, reserved 1091584K
  class space    used 6168K, capacity 6604K, committed 6704K, reserved 1048576K
}
Event: 26.480 GC heap before
{Heap before GC invocations=11 (full 2):
 PSYoungGen      total 341504K, used 309174K [0x000000076b500000, 0x0000000781700000, 0x00000007c0000000)
  eden space 326656K, 90% used [0x000000076b500000,0x000000077d46f468,0x000000077f400000)
  from space 14848K, 99% used [0x0000000780780000,0x00000007815fe3c0,0x0000000781600000)
  to   space 17920K, 0% used [0x000000077f400000,0x000000077f400000,0x0000000780580000)
 ParOldGen       total 122368K, used 21243K [0x00000006c1e00000, 0x00000006c9580000, 0x000000076b500000)
  object space 122368K, 17% used [0x00000006c1e00000,0x00000006c32bec68,0x00000006c9580000)
 Metaspace       used 56058K, capacity 59084K, committed 59160K, reserved 1099776K
  class space    used 7489K, capacity 8092K, committed 8112K, reserved 1048576K
Event: 26.500 GC heap after
Heap after GC invocations=11 (full 2):
 PSYoungGen      total 344576K, used 17889K [0x000000076b500000, 0x0000000789c00000, 0x00000007c0000000)
  eden space 326656K, 0% used [0x000000076b500000,0x000000076b500000,0x000000077f400000)
  from space 17920K, 99% used [0x000000077f400000,0x0000000780578508,0x0000000780580000)
  to   space 22016K, 0% used [0x0000000788680000,0x0000000788680000,0x0000000789c00000)
 ParOldGen       total 122368K, used 26161K [0x00000006c1e00000, 0x00000006c9580000, 0x000000076b500000)
  object space 122368K, 21% used [0x00000006c1e00000,0x00000006c378c550,0x00000006c9580000)
 Metaspace       used 56058K, capacity 59084K, committed 59160K, reserved 1099776K
  class space    used 7489K, capacity 8092K, committed 8112K, reserved 1048576K
}
Event: 26.500 GC heap before
{Heap before GC invocations=12 (full 3):
 PSYoungGen      total 344576K, used 17889K [0x000000076b500000, 0x0000000789c00000, 0x00000007c0000000)
  eden space 326656K, 0% used [0x000000076b500000,0x000000076b500000,0x000000077f400000)
  from space 17920K, 99% used [0x000000077f400000,0x0000000780578508,0x0000000780580000)
  to   space 22016K, 0% used [0x0000000788680000,0x0000000788680000,0x0000000789c00000)
 ParOldGen       total 122368K, used 26161K [0x00000006c1e00000, 0x00000006c9580000, 0x000000076b500000)
  object space 122368K, 21% used [0x00000006c1e00000,0x00000006c378c550,0x00000006c9580000)
 Metaspace       used 56058K, capacity 59084K, committed 59160K, reserved 1099776K
  class space    used 7489K, capacity 8092K, committed 8112K, reserved 1048576K
Event: 26.771 GC heap after
Heap after GC invocations=12 (full 3):
 PSYoungGen      total 344576K, used 0K [0x000000076b500000, 0x0000000789c00000, 0x00000007c0000000)
  eden space 326656K, 0% used [0x000000076b500000,0x000000076b500000,0x000000077f400000)
  from space 17920K, 0% used [0x000000077f400000,0x000000077f400000,0x0000000780580000)
  to   space 22016K, 0% used [0x0000000788680000,0x0000000788680000,0x0000000789c00000)
 ParOldGen       total 176128K, used 33002K [0x00000006c1e00000, 0x00000006cca00000, 0x000000076b500000)
  object space 176128K, 18% used [0x00000006c1e00000,0x00000006c3e3ab80,0x00000006cca00000)
 Metaspace       used 56058K, capacity 59084K, committed 59160K, reserved 1099776K
  class space    used 7489K, capacity 8092K, committed 8112K, reserved 1048576K
}

