# JRE version: OpenJDK Runtime Environment (8.0_362-b08) (build 1.8.0_362-b08)
# Java VM: OpenJDK 64-Bit Server VM (25.362-b08 mixed mode windows-amd64 compressed oops)
Heap:
 PSYoungGen      total 364544K, used 36369K [0x000000076b500000, 0x0000000787880000, 0x00000007c0000000)
  eden space 346624K, 5% used [0x000000076b500000,0x000000076c766b60,0x0000000780780000)
  from space 17920K, 97% used [0x0000000785980000,0x0000000786a9d920,0x0000000786b00000)
  to   space 13824K, 0% used [0x0000000786b00000,0x0000000786b00000,0x0000000787880000)
 ParOldGen       total 192512K, used 44182K [0x00000006c1e00000, 0x00000006cda00000, 0x000000076b500000)
  object space 192512K, 22% used [0x00000006c1e00000,0x00000006c4925808,0x00000006cda00000)
 Metaspace       used 84612K, capacity 91110K, committed 91176K, reserved 1130496K
  class space    used 11425K, capacity 12558K, committed 12592K, reserved 1048576K
GC Heap History (10 events):
Event: 12.423 GC heap before
{Heap before GC invocations=12 (full 3):
 PSYoungGen      total 305664K, used 17391K [0x000000076b500000, 0x0000000785080000, 0x00000007c0000000)
  eden space 288256K, 0% used [0x000000076b500000,0x000000076b500000,0x000000077ce80000)
  from space 17408K, 99% used [0x000000077ce80000,0x000000077df7bed8,0x000000077df80000)
  to   space 21504K, 0% used [0x0000000783b80000,0x0000000783b80000,0x0000000785080000)
 ParOldGen       total 135168K, used 25692K [0x00000006c1e00000, 0x00000006ca200000, 0x000000076b500000)
  object space 135168K, 19% used [0x00000006c1e00000,0x00000006c3717078,0x00000006ca200000)
 Metaspace       used 56112K, capacity 59108K, committed 59160K, reserved 1099776K
  class space    used 7486K, capacity 8086K, committed 8112K, reserved 1048576K
Event: 12.526 GC heap after
Heap after GC invocations=12 (full 3):
 PSYoungGen      total 305664K, used 0K [0x000000076b500000, 0x0000000785080000, 0x00000007c0000000)
  eden space 288256K, 0% used [0x000000076b500000,0x000000076b500000,0x000000077ce80000)
  from space 17408K, 0% used [0x000000077ce80000,0x000000077ce80000,0x000000077df80000)
  to   space 21504K, 0% used [0x0000000783b80000,0x0000000783b80000,0x0000000785080000)
 ParOldGen       total 192512K, used 32614K [0x00000006c1e00000, 0x00000006cda00000, 0x000000076b500000)
  object space 192512K, 16% used [0x00000006c1e00000,0x00000006c3dd9910,0x00000006cda00000)
 Metaspace       used 56112K, capacity 59108K, committed 59160K, reserved 1099776K
  class space    used 7486K, capacity 8086K, committed 8112K, reserved 1048576K
}
Event: 14.740 GC heap before
{Heap before GC invocations=13 (full 3):
 PSYoungGen      total 305664K, used 288256K [0x000000076b500000, 0x0000000785080000, 0x00000007c0000000)
  eden space 288256K, 100% used [0x000000076b500000,0x000000077ce80000,0x000000077ce80000)
  from space 17408K, 0% used [0x000000077ce80000,0x000000077ce80000,0x000000077df80000)
  to   space 21504K, 0% used [0x0000000783b80000,0x0000000783b80000,0x0000000785080000)
 ParOldGen       total 192512K, used 32614K [0x00000006c1e00000, 0x00000006cda00000, 0x000000076b500000)
  object space 192512K, 16% used [0x00000006c1e00000,0x00000006c3dd9910,0x00000006cda00000)
 Metaspace       used 64097K, capacity 68074K, committed 68264K, reserved 1107968K
  class space    used 8619K, capacity 9348K, committed 9392K, reserved 1048576K
Event: 14.750 GC heap after
Heap after GC invocations=13 (full 3):
 PSYoungGen      total 372224K, used 14483K [0x000000076b500000, 0x0000000784a00000, 0x00000007c0000000)
  eden space 357376K, 0% used [0x000000076b500000,0x000000076b500000,0x0000000781200000)
  from space 14848K, 97% used [0x0000000783b80000,0x00000007849a4df8,0x0000000784a00000)
  to   space 21504K, 0% used [0x0000000782000000,0x0000000782000000,0x0000000783500000)
 ParOldGen       total 192512K, used 32622K [0x00000006c1e00000, 0x00000006cda00000, 0x000000076b500000)
  object space 192512K, 16% used [0x00000006c1e00000,0x00000006c3ddb910,0x00000006cda00000)
 Metaspace       used 64097K, capacity 68074K, committed 68264K, reserved 1107968K
  class space    used 8619K, capacity 9348K, committed 9392K, reserved 1048576K
}
Event: 17.182 GC heap before
{Heap before GC invocations=14 (full 3):
 PSYoungGen      total 372224K, used 371859K [0x000000076b500000, 0x0000000784a00000, 0x00000007c0000000)
  eden space 357376K, 100% used [0x000000076b500000,0x0000000781200000,0x0000000781200000)
  from space 14848K, 97% used [0x0000000783b80000,0x00000007849a4df8,0x0000000784a00000)
  to   space 21504K, 0% used [0x0000000782000000,0x0000000782000000,0x0000000783500000)
 ParOldGen       total 192512K, used 32622K [0x00000006c1e00000, 0x00000006cda00000, 0x000000076b500000)
  object space 192512K, 16% used [0x00000006c1e00000,0x00000006c3ddb910,0x00000006cda00000)
 Metaspace       used 70918K, capacity 76594K, committed 76840K, reserved 1116160K
  class space    used 9708K, capacity 10696K, committed 10800K, reserved 1048576K
Event: 17.195 GC heap after
Heap after GC invocations=14 (full 3):
 PSYoungGen      total 393216K, used 21477K [0x000000076b500000, 0x0000000789080000, 0x00000007c0000000)
  eden space 371712K, 0% used [0x000000076b500000,0x000000076b500000,0x0000000782000000)
  from space 21504K, 99% used [0x0000000782000000,0x00000007834f97f0,0x0000000783500000)
  to   space 25088K, 0% used [0x0000000787800000,0x0000000787800000,0x0000000789080000)
 ParOldGen       total 192512K, used 35417K [0x00000006c1e00000, 0x00000006cda00000, 0x000000076b500000)
  object space 192512K, 18% used [0x00000006c1e00000,0x00000006c4096728,0x00000006cda00000)
 Metaspace       used 70918K, capacity 76594K, committed 76840K, reserved 1116160K
  class space    used 9708K, capacity 10696K, committed 10800K, reserved 1048576K
}
Event: 721.960 GC heap before
{Heap before GC invocations=15 (full 3):
 PSYoungGen      total 393216K, used 393189K [0x000000076b500000, 0x0000000789080000, 0x00000007c0000000)
  eden space 371712K, 100% used [0x000000076b500000,0x0000000782000000,0x0000000782000000)
  from space 21504K, 99% used [0x0000000782000000,0x00000007834f97f0,0x0000000783500000)
  to   space 25088K, 0% used [0x0000000787800000,0x0000000787800000,0x0000000789080000)
 ParOldGen       total 192512K, used 35417K [0x00000006c1e00000, 0x00000006cda00000, 0x000000076b500000)
  object space 192512K, 18% used [0x00000006c1e00000,0x00000006c4096728,0x00000006cda00000)
 Metaspace       used 84205K, capacity 90668K, committed 90920K, reserved 1128448K
  class space    used 11408K, capacity 12511K, committed 12592K, reserved 1048576K
Event: 721.977 GC heap after
Heap after GC invocations=15 (full 3):
 PSYoungGen      total 384000K, used 24693K [0x000000076b500000, 0x0000000789080000, 0x00000007c0000000)
  eden space 358912K, 0% used [0x000000076b500000,0x000000076b500000,0x0000000781380000)
  from space 25088K, 98% used [0x0000000787800000,0x000000078901d670,0x0000000789080000)
  to   space 28160K, 0% used [0x0000000785980000,0x0000000785980000,0x0000000787500000)
 ParOldGen       total 192512K, used 44174K [0x00000006c1e00000, 0x00000006cda00000, 0x000000076b500000)
  object space 192512K, 22% used [0x00000006c1e00000,0x00000006c4923808,0x00000006cda00000)
 Metaspace       used 84205K, capacity 90668K, committed 90920K, reserved 1128448K
  class space    used 11408K, capacity 12511K, committed 12592K, reserved 1048576K
}
Event: 3227.666 GC heap before
{Heap before GC invocations=16 (full 3):
 PSYoungGen      total 384000K, used 383605K [0x000000076b500000, 0x0000000789080000, 0x00000007c0000000)
  eden space 358912K, 100% used [0x000000076b500000,0x0000000781380000,0x0000000781380000)
  from space 25088K, 98% used [0x0000000787800000,0x000000078901d670,0x0000000789080000)
  to   space 28160K, 0% used [0x0000000785980000,0x0000000785980000,0x0000000787500000)
 ParOldGen       total 192512K, used 44174K [0x00000006c1e00000, 0x00000006cda00000, 0x000000076b500000)
  object space 192512K, 22% used [0x00000006c1e00000,0x00000006c4923808,0x00000006cda00000)
 Metaspace       used 84577K, capacity 91104K, committed 91176K, reserved 1128448K
  class space    used 11421K, capacity 12557K, committed 12592K, reserved 1048576K
Event: 3227.687 GC heap after
Heap after GC invocations=16 (full 3):
 PSYoungGen      total 364544K, used 17526K [0x000000076b500000, 0x0000000787880000, 0x00000007c0000000)
  eden space 346624K, 0% used [0x000000076b500000,0x000000076b500000,0x0000000780780000)
  from space 17920K, 97% used [0x0000000785980000,0x0000000786a9d920,0x0000000786b00000)
  to   space 13824K, 0% used [0x0000000786b00000,0x0000000786b00000,0x0000000787880000)
 ParOldGen       total 192512K, used 44182K [0x00000006c1e00000, 0x00000006cda00000, 0x000000076b500000)
  object space 192512K, 22% used [0x00000006c1e00000,0x00000006c4925808,0x00000006cda00000)
 Metaspace       used 84577K, capacity 91104K, committed 91176K, reserved 1128448K
  class space    used 11421K, capacity 12557K, committed 12592K, reserved 1048576K
}

