# JRE version: OpenJDK Runtime Environment (8.0_362-b08) (build 1.8.0_362-b08)
# Java VM: OpenJDK 64-Bit Server VM (25.362-b08 mixed mode windows-amd64 compressed oops)
Heap:
 PSYoungGen      total 153088K, used 52794K [0x000000076b500000, 0x0000000777000000, 0x00000007c0000000)
  eden space 141312K, 29% used [0x000000076b500000,0x000000076dd11ae8,0x0000000773f00000)
  from space 11776K, 99% used [0x0000000776480000,0x0000000776ffd0d0,0x0000000777000000)
  to   space 9728K, 0% used [0x0000000773f00000,0x0000000773f00000,0x0000000774880000)
 ParOldGen       total 165888K, used 17769K [0x00000006c1e00000, 0x00000006cc000000, 0x000000076b500000)
  object space 165888K, 10% used [0x00000006c1e00000,0x00000006c2f5a580,0x00000006cc000000)
 Metaspace       used 46916K, capacity 49380K, committed 49664K, reserved 1091584K
  class space    used 6104K, capacity 6566K, committed 6656K, reserved 1048576K
GC Heap History (10 events):
Event: 5.391 GC heap before
{Heap before GC invocations=8 (full 1):
 PSYoungGen      total 104448K, used 87131K [0x000000076b500000, 0x0000000772600000, 0x00000007c0000000)
  eden space 98304K, 83% used [0x000000076b500000,0x00000007704c2388,0x0000000771500000)
  from space 6144K, 88% used [0x0000000772000000,0x0000000772554878,0x0000000772600000)
  to   space 8704K, 0% used [0x0000000771500000,0x0000000771500000,0x0000000771d80000)
 ParOldGen       total 101888K, used 6970K [0x00000006c1e00000, 0x00000006c8180000, 0x000000076b500000)
  object space 101888K, 6% used [0x00000006c1e00000,0x00000006c24ce970,0x00000006c8180000)
 Metaspace       used 33302K, capacity 35342K, committed 35496K, reserved 1079296K
  class space    used 4395K, capacity 4805K, committed 4864K, reserved 1048576K
Event: 5.396 GC heap after
Heap after GC invocations=8 (full 1):
 PSYoungGen      total 107008K, used 7956K [0x000000076b500000, 0x0000000775200000, 0x00000007c0000000)
  eden space 98304K, 0% used [0x000000076b500000,0x000000076b500000,0x0000000771500000)
  from space 8704K, 91% used [0x0000000771500000,0x0000000771cc5300,0x0000000771d80000)
  to   space 8704K, 0% used [0x0000000774980000,0x0000000774980000,0x0000000775200000)
 ParOldGen       total 101888K, used 6978K [0x00000006c1e00000, 0x00000006c8180000, 0x000000076b500000)
  object space 101888K, 6% used [0x00000006c1e00000,0x00000006c24d0970,0x00000006c8180000)
 Metaspace       used 33302K, capacity 35342K, committed 35496K, reserved 1079296K
  class space    used 4395K, capacity 4805K, committed 4864K, reserved 1048576K
}
Event: 5.396 GC heap before
{Heap before GC invocations=9 (full 2):
 PSYoungGen      total 107008K, used 7956K [0x000000076b500000, 0x0000000775200000, 0x00000007c0000000)
  eden space 98304K, 0% used [0x000000076b500000,0x000000076b500000,0x0000000771500000)
  from space 8704K, 91% used [0x0000000771500000,0x0000000771cc5300,0x0000000771d80000)
  to   space 8704K, 0% used [0x0000000774980000,0x0000000774980000,0x0000000775200000)
 ParOldGen       total 101888K, used 6978K [0x00000006c1e00000, 0x00000006c8180000, 0x000000076b500000)
  object space 101888K, 6% used [0x00000006c1e00000,0x00000006c24d0970,0x00000006c8180000)
 Metaspace       used 33302K, capacity 35342K, committed 35496K, reserved 1079296K
  class space    used 4395K, capacity 4805K, committed 4864K, reserved 1048576K
Event: 5.441 GC heap after
Heap after GC invocations=9 (full 2):
 PSYoungGen      total 107008K, used 0K [0x000000076b500000, 0x0000000775200000, 0x00000007c0000000)
  eden space 98304K, 0% used [0x000000076b500000,0x000000076b500000,0x0000000771500000)
  from space 8704K, 0% used [0x0000000771500000,0x0000000771500000,0x0000000771d80000)
  to   space 8704K, 0% used [0x0000000774980000,0x0000000774980000,0x0000000775200000)
 ParOldGen       total 165888K, used 13067K [0x00000006c1e00000, 0x00000006cc000000, 0x000000076b500000)
  object space 165888K, 7% used [0x00000006c1e00000,0x00000006c2ac2f98,0x00000006cc000000)
 Metaspace       used 33302K, capacity 35342K, committed 35496K, reserved 1079296K
  class space    used 4395K, capacity 4805K, committed 4864K, reserved 1048576K
}
Event: 6.636 GC heap before
{Heap before GC invocations=10 (full 2):
 PSYoungGen      total 107008K, used 98304K [0x000000076b500000, 0x0000000775200000, 0x00000007c0000000)
  eden space 98304K, 100% used [0x000000076b500000,0x0000000771500000,0x0000000771500000)
  from space 8704K, 0% used [0x0000000771500000,0x0000000771500000,0x0000000771d80000)
  to   space 8704K, 0% used [0x0000000774980000,0x0000000774980000,0x0000000775200000)
 ParOldGen       total 165888K, used 13067K [0x00000006c1e00000, 0x00000006cc000000, 0x000000076b500000)
  object space 165888K, 7% used [0x00000006c1e00000,0x00000006c2ac2f98,0x00000006cc000000)
 Metaspace       used 39696K, capacity 41770K, committed 41984K, reserved 1085440K
  class space    used 5230K, capacity 5629K, committed 5632K, reserved 1048576K
Event: 6.641 GC heap after
Heap after GC invocations=10 (full 2):
 PSYoungGen      total 142848K, used 8655K [0x000000076b500000, 0x0000000775200000, 0x00000007c0000000)
  eden space 134144K, 0% used [0x000000076b500000,0x000000076b500000,0x0000000773800000)
  from space 8704K, 99% used [0x0000000774980000,0x00000007751f3f50,0x0000000775200000)
  to   space 9728K, 0% used [0x0000000773f00000,0x0000000773f00000,0x0000000774880000)
 ParOldGen       total 165888K, used 13075K [0x00000006c1e00000, 0x00000006cc000000, 0x000000076b500000)
  object space 165888K, 7% used [0x00000006c1e00000,0x00000006c2ac4f98,0x00000006cc000000)
 Metaspace       used 39696K, capacity 41770K, committed 41984K, reserved 1085440K
  class space    used 5230K, capacity 5629K, committed 5632K, reserved 1048576K
}
Event: 7.117 GC heap before
{Heap before GC invocations=11 (full 2):
 PSYoungGen      total 142848K, used 142799K [0x000000076b500000, 0x0000000775200000, 0x00000007c0000000)
  eden space 134144K, 100% used [0x000000076b500000,0x0000000773800000,0x0000000773800000)
  from space 8704K, 99% used [0x0000000774980000,0x00000007751f3f50,0x0000000775200000)
  to   space 9728K, 0% used [0x0000000773f00000,0x0000000773f00000,0x0000000774880000)
 ParOldGen       total 165888K, used 13075K [0x00000006c1e00000, 0x00000006cc000000, 0x000000076b500000)
  object space 165888K, 7% used [0x00000006c1e00000,0x00000006c2ac4f98,0x00000006cc000000)
 Metaspace       used 42502K, capacity 44676K, committed 44928K, reserved 1087488K
  class space    used 5509K, capacity 5938K, committed 6016K, reserved 1048576K
Event: 7.123 GC heap after
Heap after GC invocations=11 (full 2):
 PSYoungGen      total 151040K, used 9708K [0x000000076b500000, 0x0000000777000000, 0x00000007c0000000)
  eden space 141312K, 0% used [0x000000076b500000,0x000000076b500000,0x0000000773f00000)
  from space 9728K, 99% used [0x0000000773f00000,0x000000077487b238,0x0000000774880000)
  to   space 11776K, 0% used [0x0000000776480000,0x0000000776480000,0x0000000777000000)
 ParOldGen       total 165888K, used 16272K [0x00000006c1e00000, 0x00000006cc000000, 0x000000076b500000)
  object space 165888K, 9% used [0x00000006c1e00000,0x00000006c2de41f0,0x00000006cc000000)
 Metaspace       used 42502K, capacity 44676K, committed 44928K, reserved 1087488K
  class space    used 5509K, capacity 5938K, committed 6016K, reserved 1048576K
}
Event: 7.713 GC heap before
{Heap before GC invocations=12 (full 2):
 PSYoungGen      total 151040K, used 151020K [0x000000076b500000, 0x0000000777000000, 0x00000007c0000000)
  eden space 141312K, 100% used [0x000000076b500000,0x0000000773f00000,0x0000000773f00000)
  from space 9728K, 99% used [0x0000000773f00000,0x000000077487b238,0x0000000774880000)
  to   space 11776K, 0% used [0x0000000776480000,0x0000000776480000,0x0000000777000000)
 ParOldGen       total 165888K, used 16272K [0x00000006c1e00000, 0x00000006cc000000, 0x000000076b500000)
  object space 165888K, 9% used [0x00000006c1e00000,0x00000006c2de41f0,0x00000006cc000000)
 Metaspace       used 45824K, capacity 48294K, committed 48512K, reserved 1091584K
  class space    used 5947K, capacity 6401K, committed 6528K, reserved 1048576K
Event: 7.721 GC heap after
Heap after GC invocations=12 (full 2):
 PSYoungGen      total 153088K, used 11764K [0x000000076b500000, 0x0000000777000000, 0x00000007c0000000)
  eden space 141312K, 0% used [0x000000076b500000,0x000000076b500000,0x0000000773f00000)
  from space 11776K, 99% used [0x0000000776480000,0x0000000776ffd0d0,0x0000000777000000)
  to   space 9728K, 0% used [0x0000000773f00000,0x0000000773f00000,0x0000000774880000)
 ParOldGen       total 165888K, used 17769K [0x00000006c1e00000, 0x00000006cc000000, 0x000000076b500000)
  object space 165888K, 10% used [0x00000006c1e00000,0x00000006c2f5a580,0x00000006cc000000)
 Metaspace       used 45824K, capacity 48294K, committed 48512K, reserved 1091584K
  class space    used 5947K, capacity 6401K, committed 6528K, reserved 1048576K
}

