# JRE version: OpenJDK Runtime Environment (8.0_362-b08) (build 1.8.0_362-b08)
# Java VM: OpenJDK 64-Bit Server VM (25.362-b08 mixed mode windows-amd64 compressed oops)
Heap:
 PSYoungGen      total 431104K, used 137122K [0x000000076b500000, 0x000000078c180000, 0x00000007c0000000)
  eden space 409088K, 28% used [0x000000076b500000,0x000000077256cd30,0x0000000784480000)
  from space 22016K, 99% used [0x0000000784480000,0x00000007859fbe48,0x0000000785a00000)
  to   space 28672K, 0% used [0x000000078a580000,0x000000078a580000,0x000000078c180000)
 ParOldGen       total 210432K, used 43446K [0x00000006c1e00000, 0x00000006ceb80000, 0x000000076b500000)
  object space 210432K, 20% used [0x00000006c1e00000,0x00000006c486dbd8,0x00000006ceb80000)
 Metaspace       used 82832K, capacity 88493K, committed 88600K, reserved 1126400K
  class space    used 11016K, capacity 11971K, committed 12056K, reserved 1048576K
GC Heap History (10 events):
Event: 12.669 GC heap before
{Heap before GC invocations=16 (full 3):
 PSYoungGen      total 268800K, used 250368K [0x000000076b500000, 0x000000077db00000, 0x00000007c0000000)
  eden space 250368K, 100% used [0x000000076b500000,0x000000077a980000,0x000000077a980000)
  from space 18432K, 0% used [0x000000077ba80000,0x000000077ba80000,0x000000077cc80000)
  to   space 17408K, 0% used [0x000000077a980000,0x000000077a980000,0x000000077ba80000)
 ParOldGen       total 210432K, used 24003K [0x00000006c1e00000, 0x00000006ceb80000, 0x000000076b500000)
  object space 210432K, 11% used [0x00000006c1e00000,0x00000006c3570de8,0x00000006ceb80000)
 Metaspace       used 64384K, capacity 68053K, committed 68120K, reserved 1107968K
  class space    used 8527K, capacity 9213K, committed 9240K, reserved 1048576K
Event: 12.677 GC heap after
Heap after GC invocations=16 (full 3):
 PSYoungGen      total 267776K, used 10654K [0x000000076b500000, 0x0000000781680000, 0x00000007c0000000)
  eden space 250368K, 0% used [0x000000076b500000,0x000000076b500000,0x000000077a980000)
  from space 17408K, 61% used [0x000000077a980000,0x000000077b3e7a30,0x000000077ba80000)
  to   space 17408K, 0% used [0x0000000780580000,0x0000000780580000,0x0000000781680000)
 ParOldGen       total 210432K, used 24011K [0x00000006c1e00000, 0x00000006ceb80000, 0x000000076b500000)
  object space 210432K, 11% used [0x00000006c1e00000,0x00000006c3572de8,0x00000006ceb80000)
 Metaspace       used 64384K, capacity 68053K, committed 68120K, reserved 1107968K
  class space    used 8527K, capacity 9213K, committed 9240K, reserved 1048576K
}
Event: 13.783 GC heap before
{Heap before GC invocations=17 (full 3):
 PSYoungGen      total 267776K, used 261022K [0x000000076b500000, 0x0000000781680000, 0x00000007c0000000)
  eden space 250368K, 100% used [0x000000076b500000,0x000000077a980000,0x000000077a980000)
  from space 17408K, 61% used [0x000000077a980000,0x000000077b3e7a30,0x000000077ba80000)
  to   space 17408K, 0% used [0x0000000780580000,0x0000000780580000,0x0000000781680000)
 ParOldGen       total 210432K, used 24011K [0x00000006c1e00000, 0x00000006ceb80000, 0x000000076b500000)
  object space 210432K, 11% used [0x00000006c1e00000,0x00000006c3572de8,0x00000006ceb80000)
 Metaspace       used 70206K, capacity 74373K, committed 74648K, reserved 1114112K
  class space    used 9315K, capacity 10055K, committed 10136K, reserved 1048576K
Event: 13.792 GC heap after
Heap after GC invocations=17 (full 3):
 PSYoungGen      total 337408K, used 14003K [0x000000076b500000, 0x0000000781380000, 0x00000007c0000000)
  eden space 323072K, 0% used [0x000000076b500000,0x000000076b500000,0x000000077f080000)
  from space 14336K, 97% used [0x0000000780580000,0x000000078132ccc8,0x0000000781380000)
  to   space 17920K, 0% used [0x000000077f080000,0x000000077f080000,0x0000000780200000)
 ParOldGen       total 210432K, used 24019K [0x00000006c1e00000, 0x00000006ceb80000, 0x000000076b500000)
  object space 210432K, 11% used [0x00000006c1e00000,0x00000006c3574de8,0x00000006ceb80000)
 Metaspace       used 70206K, capacity 74373K, committed 74648K, reserved 1114112K
  class space    used 9315K, capacity 10055K, committed 10136K, reserved 1048576K
}
Event: 15.053 GC heap before
{Heap before GC invocations=18 (full 3):
 PSYoungGen      total 337408K, used 337075K [0x000000076b500000, 0x0000000781380000, 0x00000007c0000000)
  eden space 323072K, 100% used [0x000000076b500000,0x000000077f080000,0x000000077f080000)
  from space 14336K, 97% used [0x0000000780580000,0x000000078132ccc8,0x0000000781380000)
  to   space 17920K, 0% used [0x000000077f080000,0x000000077f080000,0x0000000780200000)
 ParOldGen       total 210432K, used 24019K [0x00000006c1e00000, 0x00000006ceb80000, 0x000000076b500000)
  object space 210432K, 11% used [0x00000006c1e00000,0x00000006c3574de8,0x00000006ceb80000)
 Metaspace       used 75137K, capacity 79755K, committed 79896K, reserved 1118208K
  class space    used 9865K, capacity 10658K, committed 10776K, reserved 1048576K
Event: 15.066 GC heap after
Heap after GC invocations=18 (full 3):
 PSYoungGen      total 340992K, used 12827K [0x000000076b500000, 0x0000000786d80000, 0x00000007c0000000)
  eden space 323072K, 0% used [0x000000076b500000,0x000000076b500000,0x000000077f080000)
  from space 17920K, 71% used [0x000000077f080000,0x000000077fd06db0,0x0000000780200000)
  to   space 18432K, 0% used [0x0000000785b80000,0x0000000785b80000,0x0000000786d80000)
 ParOldGen       total 210432K, used 28825K [0x00000006c1e00000, 0x00000006ceb80000, 0x000000076b500000)
  object space 210432K, 13% used [0x00000006c1e00000,0x00000006c3a265e8,0x00000006ceb80000)
 Metaspace       used 75137K, capacity 79755K, committed 79896K, reserved 1118208K
  class space    used 9865K, capacity 10658K, committed 10776K, reserved 1048576K
}
Event: 18.170 GC heap before
{Heap before GC invocations=19 (full 3):
 PSYoungGen      total 340992K, used 335899K [0x000000076b500000, 0x0000000786d80000, 0x00000007c0000000)
  eden space 323072K, 100% used [0x000000076b500000,0x000000077f080000,0x000000077f080000)
  from space 17920K, 71% used [0x000000077f080000,0x000000077fd06db0,0x0000000780200000)
  to   space 18432K, 0% used [0x0000000785b80000,0x0000000785b80000,0x0000000786d80000)
 ParOldGen       total 210432K, used 28825K [0x00000006c1e00000, 0x00000006ceb80000, 0x000000076b500000)
  object space 210432K, 13% used [0x00000006c1e00000,0x00000006c3a265e8,0x00000006ceb80000)
 Metaspace       used 78204K, capacity 83231K, committed 83480K, reserved 1122304K
  class space    used 10329K, capacity 11212K, committed 11288K, reserved 1048576K
Event: 18.193 GC heap after
Heap after GC invocations=19 (full 3):
 PSYoungGen      total 427520K, used 18416K [0x000000076b500000, 0x0000000786f80000, 0x00000007c0000000)
  eden space 409088K, 0% used [0x000000076b500000,0x000000076b500000,0x0000000784480000)
  from space 18432K, 99% used [0x0000000785b80000,0x0000000786d7c080,0x0000000786d80000)
  to   space 22016K, 0% used [0x0000000784480000,0x0000000784480000,0x0000000785a00000)
 ParOldGen       total 210432K, used 32856K [0x00000006c1e00000, 0x00000006ceb80000, 0x000000076b500000)
  object space 210432K, 15% used [0x00000006c1e00000,0x00000006c3e16328,0x00000006ceb80000)
 Metaspace       used 78204K, capacity 83231K, committed 83480K, reserved 1122304K
  class space    used 10329K, capacity 11212K, committed 11288K, reserved 1048576K
}
Event: 20.994 GC heap before
{Heap before GC invocations=20 (full 3):
 PSYoungGen      total 427520K, used 427504K [0x000000076b500000, 0x0000000786f80000, 0x00000007c0000000)
  eden space 409088K, 100% used [0x000000076b500000,0x0000000784480000,0x0000000784480000)
  from space 18432K, 99% used [0x0000000785b80000,0x0000000786d7c080,0x0000000786d80000)
  to   space 22016K, 0% used [0x0000000784480000,0x0000000784480000,0x0000000785a00000)
 ParOldGen       total 210432K, used 32856K [0x00000006c1e00000, 0x00000006ceb80000, 0x000000076b500000)
  object space 210432K, 15% used [0x00000006c1e00000,0x00000006c3e16328,0x00000006ceb80000)
 Metaspace       used 81961K, capacity 87357K, committed 87576K, reserved 1124352K
  class space    used 10894K, capacity 11799K, committed 11800K, reserved 1048576K
Event: 21.020 GC heap after
Heap after GC invocations=20 (full 3):
 PSYoungGen      total 431104K, used 21999K [0x000000076b500000, 0x000000078c180000, 0x00000007c0000000)
  eden space 409088K, 0% used [0x000000076b500000,0x000000076b500000,0x0000000784480000)
  from space 22016K, 99% used [0x0000000784480000,0x00000007859fbe48,0x0000000785a00000)
  to   space 28672K, 0% used [0x000000078a580000,0x000000078a580000,0x000000078c180000)
 ParOldGen       total 210432K, used 43446K [0x00000006c1e00000, 0x00000006ceb80000, 0x000000076b500000)
  object space 210432K, 20% used [0x00000006c1e00000,0x00000006c486dbd8,0x00000006ceb80000)
 Metaspace       used 81961K, capacity 87357K, committed 87576K, reserved 1124352K
  class space    used 10894K, capacity 11799K, committed 11800K, reserved 1048576K
}

